<?xml version="1.0" encoding="UTF-8"?>
<TestRun id="776c5c57-6f4e-4457-8832-50ac698f0c7d" name="Brent@BRENT-MACBOOK 2012-03-03 15:01:08" runUser="Brent-MacBook\Brent" xmlns="http://microsoft.com/schemas/VisualStudio/TeamTest/2010">
  <TestSettings name="Local" id="ce75b14b-b77f-42a9-9820-d283249f2705">
    <Description>These are default test settings for a local test run.</Description>
    <Deployment runDeploymentRoot="Brent_BRENT-MACBOOK 2012-03-03 15_01_08">
      <DeploymentItem filename="C:\Users\Brent\Documents\Visual Studio 2010\Projects\Alterity\Alterity\bin\Debug\Alterity.dll" />
    </Deployment>
    <Execution>
      <TestTypeSpecific>
        <UnitTestRunConfig testTypeId="13cdc9d9-ddb5-4fa4-a97d-d965ccfc6d4b">
          <AssemblyResolution>
            <TestDirectory useLoadContext="true" />
          </AssemblyResolution>
        </UnitTestRunConfig>
        <WebTestRunConfiguration testTypeId="4e7599fa-5ecb-43e9-a887-cd63cf72d207">
          <Browser name="Internet Explorer 7.0">
            <Headers>
              <Header name="User-Agent" value="Mozilla/4.0 (compatible; MSIE 7.0; Windows NT 5.1)" />
              <Header name="Accept" value="*/*" />
              <Header name="Accept-Language" value="{{$IEAcceptLanguage}}" />
              <Header name="Accept-Encoding" value="GZIP" />
            </Headers>
          </Browser>
        </WebTestRunConfiguration>
      </TestTypeSpecific>
      <AgentRule name="LocalMachineDefaultRole">
        <DataCollectors>
          <DataCollector uri="datacollector://microsoft/CodeCoverage/1.0" assemblyQualifiedName="Microsoft.VisualStudio.TestTools.CodeCoverage.CoveragePlugIn, Microsoft.VisualStudio.QualityTools.Plugins.CodeCoverage, Version=10.0.0.0, Culture=neutral, PublicKeyToken=b03f5f7f11d50a3a" friendlyName="Code Coverage">
            <Configuration>
              <CodeCoverage xmlns="">
                <Regular>
                  <CodeCoverageItem binaryFile="C:\Users\Brent\Documents\Visual Studio 2010\Projects\Alterity\Alterity\bin\Debug\Alterity.dll" pdbFile="C:\Users\Brent\Documents\Visual Studio 2010\Projects\Alterity\Alterity\bin\Debug\Alterity.instr.pdb" instrumentInPlace="true" />
                </Regular>
              </CodeCoverage>
            </Configuration>
          </DataCollector>
        </DataCollectors>
      </AgentRule>
    </Execution>
  </TestSettings>
  <Times creation="2012-03-03T15:01:08.1494000-08:00" queuing="2012-03-03T15:01:08.9054000-08:00" start="2012-03-03T15:01:08.9934000-08:00" finish="2012-03-03T15:01:46.7188000-08:00" />
  <ResultSummary outcome="Aborted">
    <Counters total="4" executed="2" error="0" failed="0" timeout="0" aborted="1" inconclusive="0" passedButRunAborted="1" notRunnable="0" notExecuted="2" disconnected="0" warning="0" passed="0" completed="0" inProgress="0" pending="0" />
    <ResultFiles>
      <ResultFile path="BRENT-MACBOOK\data.coverage" />
    </ResultFiles>
  </ResultSummary>
  <TestDefinitions>
    <UnitTest name="AnyTrueTest2" storage="c:\users\brent\documents\visual studio 2010\projects\alterity\alteritytest\bin\debug\alteritytest.dll" id="02a5662a-686f-47d5-0d53-658e1aac77cb">
      <Execution id="dfc0734d-69fa-4de2-998a-3cf58a6e51b1" />
      <TestMethod codeBase="C:/Users/Brent/Documents/Visual Studio 2010/Projects/Alterity/AlterityTest/bin/Debug/AlterityTest.DLL" adapterTypeName="Microsoft.VisualStudio.TestTools.TestTypes.Unit.UnitTestAdapter, Microsoft.VisualStudio.QualityTools.Tips.UnitTest.Adapter, Version=10.0.0.0, Culture=neutral, PublicKeyToken=b03f5f7f11d50a3a" className="AlterityTest.IndicatorFunctionTest, AlterityTest, Version=1.0.0.0, Culture=neutral, PublicKeyToken=null" name="AnyTrueTest2" />
    </UnitTest>
    <UnitTest name="AnyTrueTest" storage="c:\users\brent\documents\visual studio 2010\projects\alterity\alteritytest\bin\debug\alteritytest.dll" id="c15aa66a-ca76-a2e0-e492-c364c0cc0102">
      <Execution id="9e856c3f-c859-400b-b118-ed029c25a7cf" />
      <TestMethod codeBase="C:/Users/Brent/Documents/Visual Studio 2010/Projects/Alterity/AlterityTest/bin/Debug/AlterityTest.DLL" adapterTypeName="Microsoft.VisualStudio.TestTools.TestTypes.Unit.UnitTestAdapter, Microsoft.VisualStudio.QualityTools.Tips.UnitTest.Adapter, Version=10.0.0.0, Culture=neutral, PublicKeyToken=b03f5f7f11d50a3a" className="AlterityTest.IndicatorFunctionTest, AlterityTest, Version=1.0.0.0, Culture=neutral, PublicKeyToken=null" name="AnyTrueTest" />
    </UnitTest>
    <UnitTest name="AnyTrueTest1" storage="c:\users\brent\documents\visual studio 2010\projects\alterity\alteritytest\bin\debug\alteritytest.dll" id="de235a2a-544b-2e21-278b-31dd0ccea692">
      <Execution id="e49238ed-d71b-4484-b69a-9bd0acdb9ffe" />
      <TestMethod codeBase="C:/Users/Brent/Documents/Visual Studio 2010/Projects/Alterity/AlterityTest/bin/Debug/AlterityTest.DLL" adapterTypeName="Microsoft.VisualStudio.TestTools.TestTypes.Unit.UnitTestAdapter, Microsoft.VisualStudio.QualityTools.Tips.UnitTest.Adapter, Version=10.0.0.0, Culture=neutral, PublicKeyToken=b03f5f7f11d50a3a" className="AlterityTest.IndicatorFunctionTest, AlterityTest, Version=1.0.0.0, Culture=neutral, PublicKeyToken=null" name="AnyTrueTest1" />
    </UnitTest>
    <UnitTest name="DiffConstructorTest" storage="c:\users\brent\documents\visual studio 2010\projects\alterity\alteritytest\bin\debug\alteritytest.dll" id="5b20b579-dbab-cbef-7590-697ff1fdb93d">
      <Execution id="cf31f281-11ee-4cad-a091-ae63a788cad1" />
      <TestMethod codeBase="C:/Users/Brent/Documents/Visual Studio 2010/Projects/Alterity/AlterityTest/bin/Debug/AlterityTest.DLL" adapterTypeName="Microsoft.VisualStudio.TestTools.TestTypes.Unit.UnitTestAdapter, Microsoft.VisualStudio.QualityTools.Tips.UnitTest.Adapter, Version=10.0.0.0, Culture=neutral, PublicKeyToken=b03f5f7f11d50a3a" className="AlterityTest.DiffTest, AlterityTest, Version=1.0.0.0, Culture=neutral, PublicKeyToken=null" name="DiffConstructorTest" />
    </UnitTest>
  </TestDefinitions>
  <TestLists>
    <TestList name="Results Not in a List" id="8c84fa94-04c1-424b-9868-57a2d4851a1d" />
    <TestList name="All Loaded Results" id="19431567-8539-422a-85d7-44ee4e166bda" />
  </TestLists>
  <TestEntries>
    <TestEntry testId="02a5662a-686f-47d5-0d53-658e1aac77cb" executionId="dfc0734d-69fa-4de2-998a-3cf58a6e51b1" testListId="8c84fa94-04c1-424b-9868-57a2d4851a1d" />
    <TestEntry testId="5b20b579-dbab-cbef-7590-697ff1fdb93d" executionId="cf31f281-11ee-4cad-a091-ae63a788cad1" testListId="8c84fa94-04c1-424b-9868-57a2d4851a1d" />
    <TestEntry testId="c15aa66a-ca76-a2e0-e492-c364c0cc0102" executionId="9e856c3f-c859-400b-b118-ed029c25a7cf" testListId="8c84fa94-04c1-424b-9868-57a2d4851a1d" />
    <TestEntry testId="de235a2a-544b-2e21-278b-31dd0ccea692" executionId="e49238ed-d71b-4484-b69a-9bd0acdb9ffe" testListId="8c84fa94-04c1-424b-9868-57a2d4851a1d" />
  </TestEntries>
  <Results>
    <UnitTestResult executionId="dfc0734d-69fa-4de2-998a-3cf58a6e51b1" testId="02a5662a-686f-47d5-0d53-658e1aac77cb" testName="AnyTrueTest2" computerName="BRENT-MACBOOK" duration="00:00:00.0498199" startTime="2012-03-03T15:01:09.8660000-08:00" endTime="2012-03-03T15:01:10.1880000-08:00" testType="13cdc9d9-ddb5-4fa4-a97d-d965ccfc6d4b" outcome="PassedButRunAborted" testListId="8c84fa94-04c1-424b-9868-57a2d4851a1d" relativeResultsDirectory="dfc0734d-69fa-4de2-998a-3cf58a6e51b1">
    </UnitTestResult>
    <UnitTestResult executionId="cf31f281-11ee-4cad-a091-ae63a788cad1" testId="5b20b579-dbab-cbef-7590-697ff1fdb93d" testName="DiffConstructorTest" computerName="BRENT-MACBOOK" duration="00:00:29.7762000" startTime="2012-03-03T15:01:10.1930000-08:00" endTime="2012-03-03T15:01:39.9692000-08:00" testType="13cdc9d9-ddb5-4fa4-a97d-d965ccfc6d4b" outcome="Aborted" testListId="8c84fa94-04c1-424b-9868-57a2d4851a1d" relativeResultsDirectory="cf31f281-11ee-4cad-a091-ae63a788cad1">
      <Output>
        <ErrorInfo>
          <Message>User aborted test run.</Message>
        </ErrorInfo>
      </Output>
    </UnitTestResult>
    <UnitTestResult executionId="9e856c3f-c859-400b-b118-ed029c25a7cf" testId="c15aa66a-ca76-a2e0-e492-c364c0cc0102" testName="AnyTrueTest" computerName="BRENT-MACBOOK" testType="13cdc9d9-ddb5-4fa4-a97d-d965ccfc6d4b" outcome="NotExecuted" testListId="8c84fa94-04c1-424b-9868-57a2d4851a1d" relativeResultsDirectory="9e856c3f-c859-400b-b118-ed029c25a7cf">
    </UnitTestResult>
    <UnitTestResult executionId="e49238ed-d71b-4484-b69a-9bd0acdb9ffe" testId="de235a2a-544b-2e21-278b-31dd0ccea692" testName="AnyTrueTest1" computerName="BRENT-MACBOOK" testType="13cdc9d9-ddb5-4fa4-a97d-d965ccfc6d4b" outcome="NotExecuted" testListId="8c84fa94-04c1-424b-9868-57a2d4851a1d" relativeResultsDirectory="e49238ed-d71b-4484-b69a-9bd0acdb9ffe">
    </UnitTestResult>
  </Results>
</TestRun>