<?xml version="1.0" encoding="UTF-8"?>
<TestRun id="c709d4a6-6adc-494d-9d53-07c4f3d5b7f5" name="Brent@BRENT-MACBOOK 2012-02-24 23:27:39" runUser="Brent-MacBook\Brent" xmlns="http://microsoft.com/schemas/VisualStudio/TeamTest/2010">
  <TestSettings name="Local" id="ce75b14b-b77f-42a9-9820-d283249f2705">
    <Description>These are default test settings for a local test run.</Description>
    <Deployment runDeploymentRoot="Brent_BRENT-MACBOOK 2012-02-24 23_27_39">
      <DeploymentItem filename="C:\Users\Brent\Documents\Visual Studio 2010\Projects\Alterity\Alterity\bin\Debug\Alterity.dll" />
    </Deployment>
    <Execution>
      <TestTypeSpecific>
        <UnitTestRunConfig testTypeId="13cdc9d9-ddb5-4fa4-a97d-d965ccfc6d4b">
          <AssemblyResolution>
            <TestDirectory useLoadContext="true" />
          </AssemblyResolution>
        </UnitTestRunConfig>
        <WebTestRunConfiguration testTypeId="4e7599fa-5ecb-43e9-a887-cd63cf72d207">
          <Browser name="Internet Explorer 7.0">
            <Headers>
              <Header name="User-Agent" value="Mozilla/4.0 (compatible; MSIE 7.0; Windows NT 5.1)" />
              <Header name="Accept" value="*/*" />
              <Header name="Accept-Language" value="{{$IEAcceptLanguage}}" />
              <Header name="Accept-Encoding" value="GZIP" />
            </Headers>
          </Browser>
        </WebTestRunConfiguration>
      </TestTypeSpecific>
      <AgentRule name="LocalMachineDefaultRole">
        <DataCollectors>
          <DataCollector uri="datacollector://microsoft/CodeCoverage/1.0" assemblyQualifiedName="Microsoft.VisualStudio.TestTools.CodeCoverage.CoveragePlugIn, Microsoft.VisualStudio.QualityTools.Plugins.CodeCoverage, Version=10.0.0.0, Culture=neutral, PublicKeyToken=b03f5f7f11d50a3a" friendlyName="Code Coverage" enabled="false">
            <Configuration>
              <CodeCoverage xmlns="">
                <Regular>
                  <CodeCoverageItem binaryFile="Alterity\bin\Debug\Alterity.dll" pdbFile="Alterity\bin\Debug\Alterity.pdb" instrumentInPlace="true" />
                </Regular>
              </CodeCoverage>
            </Configuration>
          </DataCollector>
        </DataCollectors>
      </AgentRule>
    </Execution>
  </TestSettings>
  <Times creation="2012-02-24T23:27:39.5868000-08:00" queuing="2012-02-24T23:27:41.6374000-08:00" start="2012-02-24T23:27:41.9494000-08:00" finish="2012-02-24T23:28:18.9356000-08:00" />
  <ResultSummary outcome="Error">
    <Counters total="9" executed="4" passed="3" error="0" failed="0" timeout="0" aborted="1" inconclusive="0" passedButRunAborted="0" notRunnable="0" notExecuted="5" disconnected="0" warning="0" completed="0" inProgress="0" pending="0" />
    <RunInfos>
      <RunInfo computerName="BRENT-MACBOOK" outcome="Error" timestamp="2012-02-24T23:28:18.9356000-08:00">
        <Text>Test host process exited unexpectedly.</Text>
      </RunInfo>
    </RunInfos>
  </ResultSummary>
  <TestDefinitions>
    <UnitTest name="BestMatchSearchTest3" storage="c:\users\brent\documents\visual studio 2010\projects\alterity\alteritytest\bin\debug\alteritytest.dll" id="374b99ef-f35a-c8ab-280c-3986b8b4c00e">
      <DeploymentItems>
        <DeploymentItem filename="Alterity.dll" />
      </DeploymentItems>
      <Execution id="03c31f64-81b6-4085-8760-512ee112dc40" />
      <TestMethod codeBase="C:/Users/Brent/Documents/Visual Studio 2010/Projects/Alterity/AlterityTest/bin/Debug/AlterityTest.DLL" adapterTypeName="Microsoft.VisualStudio.TestTools.TestTypes.Unit.UnitTestAdapter, Microsoft.VisualStudio.QualityTools.Tips.UnitTest.Adapter, Version=10.0.0.0, Culture=neutral, PublicKeyToken=b03f5f7f11d50a3a" className="AlterityTest.StringIndexerTest, AlterityTest, Version=1.0.0.0, Culture=neutral, PublicKeyToken=null" name="BestMatchSearchTest3" />
    </UnitTest>
    <UnitTest name="AnyTrueTest2" storage="c:\users\brent\documents\visual studio 2010\projects\alterity\alteritytest\bin\debug\alteritytest.dll" id="02a5662a-686f-47d5-0d53-658e1aac77cb">
      <Execution id="5f836302-0ef6-424b-b710-2c4883a28134" />
      <TestMethod codeBase="C:/Users/Brent/Documents/Visual Studio 2010/Projects/Alterity/AlterityTest/bin/Debug/AlterityTest.DLL" adapterTypeName="Microsoft.VisualStudio.TestTools.TestTypes.Unit.UnitTestAdapter, Microsoft.VisualStudio.QualityTools.Tips.UnitTest.Adapter, Version=10.0.0.0, Culture=neutral, PublicKeyToken=b03f5f7f11d50a3a" className="AlterityTest.IndicatorFunctionTest, AlterityTest, Version=1.0.0.0, Culture=neutral, PublicKeyToken=null" name="AnyTrueTest2" />
    </UnitTest>
    <UnitTest name="BestMatchSearchTest5" storage="c:\users\brent\documents\visual studio 2010\projects\alterity\alteritytest\bin\debug\alteritytest.dll" id="94df0574-f117-57a9-b776-8fbab71d8bb9">
      <DeploymentItems>
        <DeploymentItem filename="Alterity.dll" />
      </DeploymentItems>
      <Execution id="60b68f76-3ceb-4e38-8a27-5060bc5b1e0b" />
      <TestMethod codeBase="C:/Users/Brent/Documents/Visual Studio 2010/Projects/Alterity/AlterityTest/bin/Debug/AlterityTest.DLL" adapterTypeName="Microsoft.VisualStudio.TestTools.TestTypes.Unit.UnitTestAdapter, Microsoft.VisualStudio.QualityTools.Tips.UnitTest.Adapter, Version=10.0.0.0, Culture=neutral, PublicKeyToken=b03f5f7f11d50a3a" className="AlterityTest.StringIndexerTest, AlterityTest, Version=1.0.0.0, Culture=neutral, PublicKeyToken=null" name="BestMatchSearchTest5" />
    </UnitTest>
    <UnitTest name="BestMatchSearchTest2" storage="c:\users\brent\documents\visual studio 2010\projects\alterity\alteritytest\bin\debug\alteritytest.dll" id="a859911a-ba68-1717-89db-059219200abe">
      <DeploymentItems>
        <DeploymentItem filename="Alterity.dll" />
      </DeploymentItems>
      <Execution id="ea9c87fa-f64d-457a-886e-5b1aca3c7435" />
      <TestMethod codeBase="C:/Users/Brent/Documents/Visual Studio 2010/Projects/Alterity/AlterityTest/bin/Debug/AlterityTest.DLL" adapterTypeName="Microsoft.VisualStudio.TestTools.TestTypes.Unit.UnitTestAdapter, Microsoft.VisualStudio.QualityTools.Tips.UnitTest.Adapter, Version=10.0.0.0, Culture=neutral, PublicKeyToken=b03f5f7f11d50a3a" className="AlterityTest.StringIndexerTest, AlterityTest, Version=1.0.0.0, Culture=neutral, PublicKeyToken=null" name="BestMatchSearchTest2" />
    </UnitTest>
    <UnitTest name="BestMatchSearchTest6" storage="c:\users\brent\documents\visual studio 2010\projects\alterity\alteritytest\bin\debug\alteritytest.dll" id="747dbc93-6c60-b18b-93df-29498506214f">
      <DeploymentItems>
        <DeploymentItem filename="Alterity.dll" />
      </DeploymentItems>
      <Execution id="8aac9497-9e29-46c8-9bb7-18a942d5fb13" />
      <TestMethod codeBase="C:/Users/Brent/Documents/Visual Studio 2010/Projects/Alterity/AlterityTest/bin/Debug/AlterityTest.DLL" adapterTypeName="Microsoft.VisualStudio.TestTools.TestTypes.Unit.UnitTestAdapter, Microsoft.VisualStudio.QualityTools.Tips.UnitTest.Adapter, Version=10.0.0.0, Culture=neutral, PublicKeyToken=b03f5f7f11d50a3a" className="AlterityTest.StringIndexerTest, AlterityTest, Version=1.0.0.0, Culture=neutral, PublicKeyToken=null" name="BestMatchSearchTest6" />
    </UnitTest>
    <UnitTest name="AnyTrueTest1" storage="c:\users\brent\documents\visual studio 2010\projects\alterity\alteritytest\bin\debug\alteritytest.dll" id="de235a2a-544b-2e21-278b-31dd0ccea692">
      <Execution id="a24821bf-0765-4d8d-ab2c-d21c831b91a4" />
      <TestMethod codeBase="C:/Users/Brent/Documents/Visual Studio 2010/Projects/Alterity/AlterityTest/bin/Debug/AlterityTest.DLL" adapterTypeName="Microsoft.VisualStudio.TestTools.TestTypes.Unit.UnitTestAdapter, Microsoft.VisualStudio.QualityTools.Tips.UnitTest.Adapter, Version=10.0.0.0, Culture=neutral, PublicKeyToken=b03f5f7f11d50a3a" className="AlterityTest.IndicatorFunctionTest, AlterityTest, Version=1.0.0.0, Culture=neutral, PublicKeyToken=null" name="AnyTrueTest1" />
    </UnitTest>
    <UnitTest name="BestMatchSearchTest1" storage="c:\users\brent\documents\visual studio 2010\projects\alterity\alteritytest\bin\debug\alteritytest.dll" id="a8fefcbb-c984-adfa-5e38-72c16dffbc66">
      <DeploymentItems>
        <DeploymentItem filename="Alterity.dll" />
      </DeploymentItems>
      <Execution id="1171eda6-4ddb-4837-8206-bef20a0dfc92" />
      <TestMethod codeBase="C:/Users/Brent/Documents/Visual Studio 2010/Projects/Alterity/AlterityTest/bin/Debug/AlterityTest.DLL" adapterTypeName="Microsoft.VisualStudio.TestTools.TestTypes.Unit.UnitTestAdapter, Microsoft.VisualStudio.QualityTools.Tips.UnitTest.Adapter, Version=10.0.0.0, Culture=neutral, PublicKeyToken=b03f5f7f11d50a3a" className="AlterityTest.StringIndexerTest, AlterityTest, Version=1.0.0.0, Culture=neutral, PublicKeyToken=null" name="BestMatchSearchTest1" />
    </UnitTest>
    <UnitTest name="BestMatchSearchTest4" storage="c:\users\brent\documents\visual studio 2010\projects\alterity\alteritytest\bin\debug\alteritytest.dll" id="49e25d9e-e484-2c5a-dacf-95d57a1503f3">
      <DeploymentItems>
        <DeploymentItem filename="Alterity.dll" />
      </DeploymentItems>
      <Execution id="a4300b6e-e0cb-4204-98ae-816930fe56b9" />
      <TestMethod codeBase="C:/Users/Brent/Documents/Visual Studio 2010/Projects/Alterity/AlterityTest/bin/Debug/AlterityTest.DLL" adapterTypeName="Microsoft.VisualStudio.TestTools.TestTypes.Unit.UnitTestAdapter, Microsoft.VisualStudio.QualityTools.Tips.UnitTest.Adapter, Version=10.0.0.0, Culture=neutral, PublicKeyToken=b03f5f7f11d50a3a" className="AlterityTest.StringIndexerTest, AlterityTest, Version=1.0.0.0, Culture=neutral, PublicKeyToken=null" name="BestMatchSearchTest4" />
    </UnitTest>
    <UnitTest name="AnyTrueTest" storage="c:\users\brent\documents\visual studio 2010\projects\alterity\alteritytest\bin\debug\alteritytest.dll" id="c15aa66a-ca76-a2e0-e492-c364c0cc0102">
      <Execution id="08e76471-8587-44d5-8211-dbcd8d21cba0" />
      <TestMethod codeBase="C:/Users/Brent/Documents/Visual Studio 2010/Projects/Alterity/AlterityTest/bin/Debug/AlterityTest.DLL" adapterTypeName="Microsoft.VisualStudio.TestTools.TestTypes.Unit.UnitTestAdapter, Microsoft.VisualStudio.QualityTools.Tips.UnitTest.Adapter, Version=10.0.0.0, Culture=neutral, PublicKeyToken=b03f5f7f11d50a3a" className="AlterityTest.IndicatorFunctionTest, AlterityTest, Version=1.0.0.0, Culture=neutral, PublicKeyToken=null" name="AnyTrueTest" />
    </UnitTest>
  </TestDefinitions>
  <TestLists>
    <TestList name="Results Not in a List" id="8c84fa94-04c1-424b-9868-57a2d4851a1d" />
    <TestList name="All Loaded Results" id="19431567-8539-422a-85d7-44ee4e166bda" />
  </TestLists>
  <TestEntries>
    <TestEntry testId="02a5662a-686f-47d5-0d53-658e1aac77cb" executionId="5f836302-0ef6-424b-b710-2c4883a28134" testListId="8c84fa94-04c1-424b-9868-57a2d4851a1d" />
    <TestEntry testId="374b99ef-f35a-c8ab-280c-3986b8b4c00e" executionId="03c31f64-81b6-4085-8760-512ee112dc40" testListId="8c84fa94-04c1-424b-9868-57a2d4851a1d" />
    <TestEntry testId="49e25d9e-e484-2c5a-dacf-95d57a1503f3" executionId="a4300b6e-e0cb-4204-98ae-816930fe56b9" testListId="8c84fa94-04c1-424b-9868-57a2d4851a1d" />
    <TestEntry testId="747dbc93-6c60-b18b-93df-29498506214f" executionId="8aac9497-9e29-46c8-9bb7-18a942d5fb13" testListId="8c84fa94-04c1-424b-9868-57a2d4851a1d" />
    <TestEntry testId="94df0574-f117-57a9-b776-8fbab71d8bb9" executionId="60b68f76-3ceb-4e38-8a27-5060bc5b1e0b" testListId="8c84fa94-04c1-424b-9868-57a2d4851a1d" />
    <TestEntry testId="a859911a-ba68-1717-89db-059219200abe" executionId="ea9c87fa-f64d-457a-886e-5b1aca3c7435" testListId="8c84fa94-04c1-424b-9868-57a2d4851a1d" />
    <TestEntry testId="a8fefcbb-c984-adfa-5e38-72c16dffbc66" executionId="1171eda6-4ddb-4837-8206-bef20a0dfc92" testListId="8c84fa94-04c1-424b-9868-57a2d4851a1d" />
    <TestEntry testId="c15aa66a-ca76-a2e0-e492-c364c0cc0102" executionId="08e76471-8587-44d5-8211-dbcd8d21cba0" testListId="8c84fa94-04c1-424b-9868-57a2d4851a1d" />
    <TestEntry testId="de235a2a-544b-2e21-278b-31dd0ccea692" executionId="a24821bf-0765-4d8d-ab2c-d21c831b91a4" testListId="8c84fa94-04c1-424b-9868-57a2d4851a1d" />
  </TestEntries>
  <Results>
    <UnitTestResult executionId="5f836302-0ef6-424b-b710-2c4883a28134" testId="02a5662a-686f-47d5-0d53-658e1aac77cb" testName="AnyTrueTest2" computerName="BRENT-MACBOOK" duration="00:00:00.0414143" startTime="2012-02-24T23:27:42.1366000-08:00" endTime="2012-02-24T23:27:43.8994000-08:00" testType="13cdc9d9-ddb5-4fa4-a97d-d965ccfc6d4b" outcome="Passed" testListId="8c84fa94-04c1-424b-9868-57a2d4851a1d" relativeResultsDirectory="5f836302-0ef6-424b-b710-2c4883a28134">
    </UnitTestResult>
    <UnitTestResult executionId="03c31f64-81b6-4085-8760-512ee112dc40" testId="374b99ef-f35a-c8ab-280c-3986b8b4c00e" testName="BestMatchSearchTest3" computerName="BRENT-MACBOOK" duration="00:00:00.0325330" startTime="2012-02-24T23:27:43.9306000-08:00" endTime="2012-02-24T23:27:43.9774000-08:00" testType="13cdc9d9-ddb5-4fa4-a97d-d965ccfc6d4b" outcome="Passed" testListId="8c84fa94-04c1-424b-9868-57a2d4851a1d" relativeResultsDirectory="03c31f64-81b6-4085-8760-512ee112dc40">
    </UnitTestResult>
    <UnitTestResult executionId="a4300b6e-e0cb-4204-98ae-816930fe56b9" testId="49e25d9e-e484-2c5a-dacf-95d57a1503f3" testName="BestMatchSearchTest4" computerName="BRENT-MACBOOK" duration="00:00:00.0027150" startTime="2012-02-24T23:27:43.9930000-08:00" endTime="2012-02-24T23:27:44.0242000-08:00" testType="13cdc9d9-ddb5-4fa4-a97d-d965ccfc6d4b" outcome="Passed" testListId="8c84fa94-04c1-424b-9868-57a2d4851a1d" relativeResultsDirectory="a4300b6e-e0cb-4204-98ae-816930fe56b9">
    </UnitTestResult>
    <UnitTestResult executionId="8aac9497-9e29-46c8-9bb7-18a942d5fb13" testId="747dbc93-6c60-b18b-93df-29498506214f" testName="BestMatchSearchTest6" computerName="BRENT-MACBOOK" duration="00:00:34.8958000" startTime="2012-02-24T23:27:44.0398000-08:00" endTime="2012-02-24T23:28:18.9356000-08:00" testType="13cdc9d9-ddb5-4fa4-a97d-d965ccfc6d4b" outcome="Aborted" testListId="8c84fa94-04c1-424b-9868-57a2d4851a1d" relativeResultsDirectory="8aac9497-9e29-46c8-9bb7-18a942d5fb13">
    </UnitTestResult>
    <UnitTestResult executionId="60b68f76-3ceb-4e38-8a27-5060bc5b1e0b" testId="94df0574-f117-57a9-b776-8fbab71d8bb9" testName="BestMatchSearchTest5" computerName="BRENT-MACBOOK" testType="13cdc9d9-ddb5-4fa4-a97d-d965ccfc6d4b" outcome="NotExecuted" testListId="8c84fa94-04c1-424b-9868-57a2d4851a1d" relativeResultsDirectory="60b68f76-3ceb-4e38-8a27-5060bc5b1e0b">
    </UnitTestResult>
    <UnitTestResult executionId="ea9c87fa-f64d-457a-886e-5b1aca3c7435" testId="a859911a-ba68-1717-89db-059219200abe" testName="BestMatchSearchTest2" computerName="BRENT-MACBOOK" testType="13cdc9d9-ddb5-4fa4-a97d-d965ccfc6d4b" outcome="NotExecuted" testListId="8c84fa94-04c1-424b-9868-57a2d4851a1d" relativeResultsDirectory="ea9c87fa-f64d-457a-886e-5b1aca3c7435">
    </UnitTestResult>
    <UnitTestResult executionId="1171eda6-4ddb-4837-8206-bef20a0dfc92" testId="a8fefcbb-c984-adfa-5e38-72c16dffbc66" testName="BestMatchSearchTest1" computerName="BRENT-MACBOOK" testType="13cdc9d9-ddb5-4fa4-a97d-d965ccfc6d4b" outcome="NotExecuted" testListId="8c84fa94-04c1-424b-9868-57a2d4851a1d" relativeResultsDirectory="1171eda6-4ddb-4837-8206-bef20a0dfc92">
    </UnitTestResult>
    <UnitTestResult executionId="08e76471-8587-44d5-8211-dbcd8d21cba0" testId="c15aa66a-ca76-a2e0-e492-c364c0cc0102" testName="AnyTrueTest" computerName="BRENT-MACBOOK" testType="13cdc9d9-ddb5-4fa4-a97d-d965ccfc6d4b" outcome="NotExecuted" testListId="8c84fa94-04c1-424b-9868-57a2d4851a1d" relativeResultsDirectory="08e76471-8587-44d5-8211-dbcd8d21cba0">
    </UnitTestResult>
    <UnitTestResult executionId="a24821bf-0765-4d8d-ab2c-d21c831b91a4" testId="de235a2a-544b-2e21-278b-31dd0ccea692" testName="AnyTrueTest1" computerName="BRENT-MACBOOK" testType="13cdc9d9-ddb5-4fa4-a97d-d965ccfc6d4b" outcome="NotExecuted" testListId="8c84fa94-04c1-424b-9868-57a2d4851a1d" relativeResultsDirectory="a24821bf-0765-4d8d-ab2c-d21c831b91a4">
    </UnitTestResult>
  </Results>
</TestRun>