<?xml version="1.0" encoding="UTF-8"?>
<TestRun id="36ad3fe0-48ff-4127-9daf-b2467da17dad" name="Brent@BRENT-MACBOOK 2012-02-28 19:17:52" runUser="Brent-MacBook\Brent" xmlns="http://microsoft.com/schemas/VisualStudio/TeamTest/2010">
  <TestSettings name="Local" id="ce75b14b-b77f-42a9-9820-d283249f2705">
    <Description>These are default test settings for a local test run.</Description>
    <Deployment userDeploymentRoot="C:\Users\Brent\Documents\Visual Studio 2010\Projects\Alterity\TestResults" useDefaultDeploymentRoot="false" runDeploymentRoot="Brent_BRENT-MACBOOK 2012-02-28 19_17_52">
      <DeploymentItem filename="C:\Users\Brent\Documents\Visual Studio 2010\Projects\Alterity\Alterity\bin\Debug\Alterity.dll" />
    </Deployment>
    <Execution>
      <TestTypeSpecific>
        <UnitTestRunConfig testTypeId="13cdc9d9-ddb5-4fa4-a97d-d965ccfc6d4b">
          <AssemblyResolution>
            <TestDirectory useLoadContext="true" />
          </AssemblyResolution>
        </UnitTestRunConfig>
        <WebTestRunConfiguration testTypeId="4e7599fa-5ecb-43e9-a887-cd63cf72d207">
          <Browser name="Internet Explorer 7.0">
            <Headers>
              <Header name="User-Agent" value="Mozilla/4.0 (compatible; MSIE 7.0; Windows NT 5.1)" />
              <Header name="Accept" value="*/*" />
              <Header name="Accept-Language" value="{{$IEAcceptLanguage}}" />
              <Header name="Accept-Encoding" value="GZIP" />
            </Headers>
          </Browser>
        </WebTestRunConfiguration>
      </TestTypeSpecific>
      <AgentRule name="LocalMachineDefaultRole">
        <DataCollectors>
          <DataCollector uri="datacollector://microsoft/CodeCoverage/1.0" assemblyQualifiedName="Microsoft.VisualStudio.TestTools.CodeCoverage.CoveragePlugIn, Microsoft.VisualStudio.QualityTools.Plugins.CodeCoverage, Version=10.0.0.0, Culture=neutral, PublicKeyToken=b03f5f7f11d50a3a" friendlyName="Code Coverage" enabled="false">
            <Configuration>
              <CodeCoverage xmlns="">
                <Regular>
                  <CodeCoverageItem binaryFile="C:\Users\Brent\Documents\Visual Studio 2010\Projects\Alterity\Alterity\bin\Debug\Alterity.dll" pdbFile="C:\Users\Brent\Documents\Visual Studio 2010\Projects\Alterity\Alterity\bin\Debug\Alterity.instr.pdb" instrumentInPlace="true" />
                </Regular>
              </CodeCoverage>
            </Configuration>
          </DataCollector>
        </DataCollectors>
      </AgentRule>
    </Execution>
  </TestSettings>
  <Times creation="2012-02-28T19:17:52.5386000-08:00" queuing="2012-02-28T19:17:53.9606000-08:00" start="2012-02-28T19:17:54.1790000-08:00" finish="2012-02-28T19:20:45.1868000-08:00" />
  <ResultSummary outcome="Error">
    <Counters total="1" executed="1" error="0" failed="0" timeout="0" aborted="1" inconclusive="0" passedButRunAborted="0" notRunnable="0" notExecuted="0" disconnected="0" warning="0" passed="0" completed="0" inProgress="0" pending="0" />
    <RunInfos>
      <RunInfo computerName="BRENT-MACBOOK" outcome="Error" timestamp="2012-02-28T19:20:45.1858000-08:00">
        <Text>Test host process exited unexpectedly.</Text>
      </RunInfo>
    </RunInfos>
  </ResultSummary>
  <TestDefinitions>
    <UnitTest name="ComputeRelationsTest2" storage="c:\users\brent\documents\visual studio 2010\projects\alterity\alteritytest\bin\debug\alteritytest.dll" id="c3fd5924-3fc6-bef9-5986-ebfc39787892">
      <DeploymentItems>
        <DeploymentItem filename="Alterity.dll" />
      </DeploymentItems>
      <Execution id="59874ffa-282c-44d5-a56a-c030e5a1fb61" />
      <TestMethod codeBase="C:/Users/Brent/Documents/Visual Studio 2010/Projects/Alterity/AlterityTest/bin/Debug/AlterityTest.DLL" adapterTypeName="Microsoft.VisualStudio.TestTools.TestTypes.Unit.UnitTestAdapter, Microsoft.VisualStudio.QualityTools.Tips.UnitTest.Adapter, Version=10.0.0.0, Culture=neutral, PublicKeyToken=b03f5f7f11d50a3a" className="AlterityTest.DiffTest, AlterityTest, Version=1.0.0.0, Culture=neutral, PublicKeyToken=null" name="ComputeRelationsTest2" />
    </UnitTest>
  </TestDefinitions>
  <TestLists>
    <TestList name="Results Not in a List" id="8c84fa94-04c1-424b-9868-57a2d4851a1d" />
    <TestList name="All Loaded Results" id="19431567-8539-422a-85d7-44ee4e166bda" />
  </TestLists>
  <TestEntries>
    <TestEntry testId="c3fd5924-3fc6-bef9-5986-ebfc39787892" executionId="59874ffa-282c-44d5-a56a-c030e5a1fb61" testListId="8c84fa94-04c1-424b-9868-57a2d4851a1d" />
  </TestEntries>
  <Results>
    <UnitTestResult executionId="59874ffa-282c-44d5-a56a-c030e5a1fb61" testId="c3fd5924-3fc6-bef9-5986-ebfc39787892" testName="ComputeRelationsTest2" computerName="BRENT-MACBOOK" duration="00:02:50.8362000" startTime="2012-02-28T19:17:54.3506000-08:00" endTime="2012-02-28T19:20:45.1868000-08:00" testType="13cdc9d9-ddb5-4fa4-a97d-d965ccfc6d4b" outcome="Aborted" testListId="8c84fa94-04c1-424b-9868-57a2d4851a1d" relativeResultsDirectory="59874ffa-282c-44d5-a56a-c030e5a1fb61">
    </UnitTestResult>
  </Results>
</TestRun>