<?xml version="1.0" encoding="UTF-8"?>
<TestRun id="2fd1c82f-db63-4936-afbb-61074acb5afb" name="Brent@BRENT-MACBOOK 2012-02-24 23:27:25" runUser="Brent-MacBook\Brent" xmlns="http://microsoft.com/schemas/VisualStudio/TeamTest/2010">
  <TestSettings name="Local" id="ce75b14b-b77f-42a9-9820-d283249f2705">
    <Description>These are default test settings for a local test run.</Description>
    <Deployment runDeploymentRoot="Brent_BRENT-MACBOOK 2012-02-24 23_27_25">
      <DeploymentItem filename="C:\Users\Brent\Documents\Visual Studio 2010\Projects\Alterity\Alterity\bin\Debug\Alterity.dll" />
    </Deployment>
    <Execution>
      <TestTypeSpecific>
        <UnitTestRunConfig testTypeId="13cdc9d9-ddb5-4fa4-a97d-d965ccfc6d4b">
          <AssemblyResolution>
            <TestDirectory useLoadContext="true" />
          </AssemblyResolution>
        </UnitTestRunConfig>
        <WebTestRunConfiguration testTypeId="4e7599fa-5ecb-43e9-a887-cd63cf72d207">
          <Browser name="Internet Explorer 7.0">
            <Headers>
              <Header name="User-Agent" value="Mozilla/4.0 (compatible; MSIE 7.0; Windows NT 5.1)" />
              <Header name="Accept" value="*/*" />
              <Header name="Accept-Language" value="{{$IEAcceptLanguage}}" />
              <Header name="Accept-Encoding" value="GZIP" />
            </Headers>
          </Browser>
        </WebTestRunConfiguration>
      </TestTypeSpecific>
      <AgentRule name="LocalMachineDefaultRole">
        <DataCollectors>
          <DataCollector uri="datacollector://microsoft/CodeCoverage/1.0" assemblyQualifiedName="Microsoft.VisualStudio.TestTools.CodeCoverage.CoveragePlugIn, Microsoft.VisualStudio.QualityTools.Plugins.CodeCoverage, Version=10.0.0.0, Culture=neutral, PublicKeyToken=b03f5f7f11d50a3a" friendlyName="Code Coverage">
            <Configuration>
              <CodeCoverage xmlns="">
                <Regular>
                  <CodeCoverageItem binaryFile="C:\Users\Brent\Documents\Visual Studio 2010\Projects\Alterity\Alterity\bin\Debug\Alterity.dll" pdbFile="C:\Users\Brent\Documents\Visual Studio 2010\Projects\Alterity\Alterity\bin\Debug\Alterity.instr.pdb" instrumentInPlace="true" />
                </Regular>
              </CodeCoverage>
            </Configuration>
          </DataCollector>
        </DataCollectors>
      </AgentRule>
    </Execution>
  </TestSettings>
  <Times creation="2012-02-24T23:27:25.9142000-08:00" queuing="2012-02-24T23:27:26.4318000-08:00" start="2012-02-24T23:27:26.5098000-08:00" finish="2012-02-24T23:27:36.0570000-08:00" />
  <ResultSummary outcome="Error">
    <Counters total="9" executed="9" passed="8" error="1" failed="0" timeout="0" aborted="0" inconclusive="0" passedButRunAborted="0" notRunnable="0" notExecuted="0" disconnected="0" warning="0" completed="0" inProgress="0" pending="0" />
    <ResultFiles>
      <ResultFile path="BRENT-MACBOOK\data.coverage" />
    </ResultFiles>
    <DataCollectorMessages>
      <DataCollectorMessage timestamp="2012-02-24T23:27:35.6202000-08:00" dataCollectorUri="datacollector://microsoft/CodeCoverage/1.0" dataCollectorFriendlyName="Code Coverage" agentName="BRENT-MACBOOK" level="Error">
        <Text>This adapter will not be used for this test run.  The following error occurred: Code coverage collection engine threw an exception:
Error VSP1342 : True
[
]
    </Text>
      </DataCollectorMessage>
    </DataCollectorMessages>
  </ResultSummary>
  <TestDefinitions>
    <UnitTest name="BestMatchSearchTest3" storage="c:\users\brent\documents\visual studio 2010\projects\alterity\alteritytest\bin\debug\alteritytest.dll" id="374b99ef-f35a-c8ab-280c-3986b8b4c00e">
      <DeploymentItems>
        <DeploymentItem filename="Alterity.dll" />
      </DeploymentItems>
      <Execution id="f2406840-c5e1-4601-a941-3b491b8a4034" />
      <TestMethod codeBase="C:/Users/Brent/Documents/Visual Studio 2010/Projects/Alterity/AlterityTest/bin/Debug/AlterityTest.DLL" adapterTypeName="Microsoft.VisualStudio.TestTools.TestTypes.Unit.UnitTestAdapter, Microsoft.VisualStudio.QualityTools.Tips.UnitTest.Adapter, Version=10.0.0.0, Culture=neutral, PublicKeyToken=b03f5f7f11d50a3a" className="AlterityTest.StringIndexerTest, AlterityTest, Version=1.0.0.0, Culture=neutral, PublicKeyToken=null" name="BestMatchSearchTest3" />
    </UnitTest>
    <UnitTest name="AnyTrueTest2" storage="c:\users\brent\documents\visual studio 2010\projects\alterity\alteritytest\bin\debug\alteritytest.dll" id="02a5662a-686f-47d5-0d53-658e1aac77cb">
      <Execution id="6b0e532e-1c76-48ef-8590-267004bd748f" />
      <TestMethod codeBase="C:/Users/Brent/Documents/Visual Studio 2010/Projects/Alterity/AlterityTest/bin/Debug/AlterityTest.DLL" adapterTypeName="Microsoft.VisualStudio.TestTools.TestTypes.Unit.UnitTestAdapter, Microsoft.VisualStudio.QualityTools.Tips.UnitTest.Adapter, Version=10.0.0.0, Culture=neutral, PublicKeyToken=b03f5f7f11d50a3a" className="AlterityTest.IndicatorFunctionTest, AlterityTest, Version=1.0.0.0, Culture=neutral, PublicKeyToken=null" name="AnyTrueTest2" />
    </UnitTest>
    <UnitTest name="BestMatchSearchTest5" storage="c:\users\brent\documents\visual studio 2010\projects\alterity\alteritytest\bin\debug\alteritytest.dll" id="94df0574-f117-57a9-b776-8fbab71d8bb9">
      <DeploymentItems>
        <DeploymentItem filename="Alterity.dll" />
      </DeploymentItems>
      <Execution id="f15dabb5-27d7-4ed9-b21f-2c77304060f8" />
      <TestMethod codeBase="C:/Users/Brent/Documents/Visual Studio 2010/Projects/Alterity/AlterityTest/bin/Debug/AlterityTest.DLL" adapterTypeName="Microsoft.VisualStudio.TestTools.TestTypes.Unit.UnitTestAdapter, Microsoft.VisualStudio.QualityTools.Tips.UnitTest.Adapter, Version=10.0.0.0, Culture=neutral, PublicKeyToken=b03f5f7f11d50a3a" className="AlterityTest.StringIndexerTest, AlterityTest, Version=1.0.0.0, Culture=neutral, PublicKeyToken=null" name="BestMatchSearchTest5" />
    </UnitTest>
    <UnitTest name="BestMatchSearchTest2" storage="c:\users\brent\documents\visual studio 2010\projects\alterity\alteritytest\bin\debug\alteritytest.dll" id="a859911a-ba68-1717-89db-059219200abe">
      <DeploymentItems>
        <DeploymentItem filename="Alterity.dll" />
      </DeploymentItems>
      <Execution id="06d24b5e-b6c8-4ccb-962d-00420aba9f4c" />
      <TestMethod codeBase="C:/Users/Brent/Documents/Visual Studio 2010/Projects/Alterity/AlterityTest/bin/Debug/AlterityTest.DLL" adapterTypeName="Microsoft.VisualStudio.TestTools.TestTypes.Unit.UnitTestAdapter, Microsoft.VisualStudio.QualityTools.Tips.UnitTest.Adapter, Version=10.0.0.0, Culture=neutral, PublicKeyToken=b03f5f7f11d50a3a" className="AlterityTest.StringIndexerTest, AlterityTest, Version=1.0.0.0, Culture=neutral, PublicKeyToken=null" name="BestMatchSearchTest2" />
    </UnitTest>
    <UnitTest name="BestMatchSearchTest6" storage="c:\users\brent\documents\visual studio 2010\projects\alterity\alteritytest\bin\debug\alteritytest.dll" id="747dbc93-6c60-b18b-93df-29498506214f">
      <DeploymentItems>
        <DeploymentItem filename="Alterity.dll" />
      </DeploymentItems>
      <Execution id="dcc4deb9-9111-4535-b630-9fb99d36ec84" />
      <TestMethod codeBase="C:/Users/Brent/Documents/Visual Studio 2010/Projects/Alterity/AlterityTest/bin/Debug/AlterityTest.DLL" adapterTypeName="Microsoft.VisualStudio.TestTools.TestTypes.Unit.UnitTestAdapter, Microsoft.VisualStudio.QualityTools.Tips.UnitTest.Adapter, Version=10.0.0.0, Culture=neutral, PublicKeyToken=b03f5f7f11d50a3a" className="AlterityTest.StringIndexerTest, AlterityTest, Version=1.0.0.0, Culture=neutral, PublicKeyToken=null" name="BestMatchSearchTest6" />
    </UnitTest>
    <UnitTest name="AnyTrueTest1" storage="c:\users\brent\documents\visual studio 2010\projects\alterity\alteritytest\bin\debug\alteritytest.dll" id="de235a2a-544b-2e21-278b-31dd0ccea692">
      <Execution id="7be78645-3c01-4a46-a2ee-db3b91fca2ab" />
      <TestMethod codeBase="C:/Users/Brent/Documents/Visual Studio 2010/Projects/Alterity/AlterityTest/bin/Debug/AlterityTest.DLL" adapterTypeName="Microsoft.VisualStudio.TestTools.TestTypes.Unit.UnitTestAdapter, Microsoft.VisualStudio.QualityTools.Tips.UnitTest.Adapter, Version=10.0.0.0, Culture=neutral, PublicKeyToken=b03f5f7f11d50a3a" className="AlterityTest.IndicatorFunctionTest, AlterityTest, Version=1.0.0.0, Culture=neutral, PublicKeyToken=null" name="AnyTrueTest1" />
    </UnitTest>
    <UnitTest name="BestMatchSearchTest1" storage="c:\users\brent\documents\visual studio 2010\projects\alterity\alteritytest\bin\debug\alteritytest.dll" id="a8fefcbb-c984-adfa-5e38-72c16dffbc66">
      <DeploymentItems>
        <DeploymentItem filename="Alterity.dll" />
      </DeploymentItems>
      <Execution id="7d0f8ff5-0f67-4c55-93f6-b826fe3f6b6c" />
      <TestMethod codeBase="C:/Users/Brent/Documents/Visual Studio 2010/Projects/Alterity/AlterityTest/bin/Debug/AlterityTest.DLL" adapterTypeName="Microsoft.VisualStudio.TestTools.TestTypes.Unit.UnitTestAdapter, Microsoft.VisualStudio.QualityTools.Tips.UnitTest.Adapter, Version=10.0.0.0, Culture=neutral, PublicKeyToken=b03f5f7f11d50a3a" className="AlterityTest.StringIndexerTest, AlterityTest, Version=1.0.0.0, Culture=neutral, PublicKeyToken=null" name="BestMatchSearchTest1" />
    </UnitTest>
    <UnitTest name="BestMatchSearchTest4" storage="c:\users\brent\documents\visual studio 2010\projects\alterity\alteritytest\bin\debug\alteritytest.dll" id="49e25d9e-e484-2c5a-dacf-95d57a1503f3">
      <DeploymentItems>
        <DeploymentItem filename="Alterity.dll" />
      </DeploymentItems>
      <Execution id="3502c13e-16c8-4f4d-81ba-f1430b6b1b14" />
      <TestMethod codeBase="C:/Users/Brent/Documents/Visual Studio 2010/Projects/Alterity/AlterityTest/bin/Debug/AlterityTest.DLL" adapterTypeName="Microsoft.VisualStudio.TestTools.TestTypes.Unit.UnitTestAdapter, Microsoft.VisualStudio.QualityTools.Tips.UnitTest.Adapter, Version=10.0.0.0, Culture=neutral, PublicKeyToken=b03f5f7f11d50a3a" className="AlterityTest.StringIndexerTest, AlterityTest, Version=1.0.0.0, Culture=neutral, PublicKeyToken=null" name="BestMatchSearchTest4" />
    </UnitTest>
    <UnitTest name="AnyTrueTest" storage="c:\users\brent\documents\visual studio 2010\projects\alterity\alteritytest\bin\debug\alteritytest.dll" id="c15aa66a-ca76-a2e0-e492-c364c0cc0102">
      <Execution id="2a9755cb-0a67-4a6e-953b-129dc31c5d88" />
      <TestMethod codeBase="C:/Users/Brent/Documents/Visual Studio 2010/Projects/Alterity/AlterityTest/bin/Debug/AlterityTest.DLL" adapterTypeName="Microsoft.VisualStudio.TestTools.TestTypes.Unit.UnitTestAdapter, Microsoft.VisualStudio.QualityTools.Tips.UnitTest.Adapter, Version=10.0.0.0, Culture=neutral, PublicKeyToken=b03f5f7f11d50a3a" className="AlterityTest.IndicatorFunctionTest, AlterityTest, Version=1.0.0.0, Culture=neutral, PublicKeyToken=null" name="AnyTrueTest" />
    </UnitTest>
  </TestDefinitions>
  <TestLists>
    <TestList name="Results Not in a List" id="8c84fa94-04c1-424b-9868-57a2d4851a1d" />
    <TestList name="All Loaded Results" id="19431567-8539-422a-85d7-44ee4e166bda" />
  </TestLists>
  <TestEntries>
    <TestEntry testId="02a5662a-686f-47d5-0d53-658e1aac77cb" executionId="6b0e532e-1c76-48ef-8590-267004bd748f" testListId="8c84fa94-04c1-424b-9868-57a2d4851a1d" />
    <TestEntry testId="374b99ef-f35a-c8ab-280c-3986b8b4c00e" executionId="f2406840-c5e1-4601-a941-3b491b8a4034" testListId="8c84fa94-04c1-424b-9868-57a2d4851a1d" />
    <TestEntry testId="49e25d9e-e484-2c5a-dacf-95d57a1503f3" executionId="3502c13e-16c8-4f4d-81ba-f1430b6b1b14" testListId="8c84fa94-04c1-424b-9868-57a2d4851a1d" />
    <TestEntry testId="747dbc93-6c60-b18b-93df-29498506214f" executionId="dcc4deb9-9111-4535-b630-9fb99d36ec84" testListId="8c84fa94-04c1-424b-9868-57a2d4851a1d" />
    <TestEntry testId="94df0574-f117-57a9-b776-8fbab71d8bb9" executionId="f15dabb5-27d7-4ed9-b21f-2c77304060f8" testListId="8c84fa94-04c1-424b-9868-57a2d4851a1d" />
    <TestEntry testId="a859911a-ba68-1717-89db-059219200abe" executionId="06d24b5e-b6c8-4ccb-962d-00420aba9f4c" testListId="8c84fa94-04c1-424b-9868-57a2d4851a1d" />
    <TestEntry testId="a8fefcbb-c984-adfa-5e38-72c16dffbc66" executionId="7d0f8ff5-0f67-4c55-93f6-b826fe3f6b6c" testListId="8c84fa94-04c1-424b-9868-57a2d4851a1d" />
    <TestEntry testId="c15aa66a-ca76-a2e0-e492-c364c0cc0102" executionId="2a9755cb-0a67-4a6e-953b-129dc31c5d88" testListId="8c84fa94-04c1-424b-9868-57a2d4851a1d" />
    <TestEntry testId="de235a2a-544b-2e21-278b-31dd0ccea692" executionId="7be78645-3c01-4a46-a2ee-db3b91fca2ab" testListId="8c84fa94-04c1-424b-9868-57a2d4851a1d" />
  </TestEntries>
  <Results>
    <UnitTestResult executionId="6b0e532e-1c76-48ef-8590-267004bd748f" testId="02a5662a-686f-47d5-0d53-658e1aac77cb" testName="AnyTrueTest2" computerName="BRENT-MACBOOK" duration="00:00:00.0530334" startTime="2012-02-24T23:27:27.3834000-08:00" endTime="2012-02-24T23:27:27.6954000-08:00" testType="13cdc9d9-ddb5-4fa4-a97d-d965ccfc6d4b" outcome="Passed" testListId="8c84fa94-04c1-424b-9868-57a2d4851a1d" relativeResultsDirectory="6b0e532e-1c76-48ef-8590-267004bd748f">
    </UnitTestResult>
    <UnitTestResult executionId="f2406840-c5e1-4601-a941-3b491b8a4034" testId="374b99ef-f35a-c8ab-280c-3986b8b4c00e" testName="BestMatchSearchTest3" computerName="BRENT-MACBOOK" duration="00:00:00.0196239" startTime="2012-02-24T23:27:27.7422000-08:00" endTime="2012-02-24T23:27:27.7578000-08:00" testType="13cdc9d9-ddb5-4fa4-a97d-d965ccfc6d4b" outcome="Passed" testListId="8c84fa94-04c1-424b-9868-57a2d4851a1d" relativeResultsDirectory="f2406840-c5e1-4601-a941-3b491b8a4034">
    </UnitTestResult>
    <UnitTestResult executionId="3502c13e-16c8-4f4d-81ba-f1430b6b1b14" testId="49e25d9e-e484-2c5a-dacf-95d57a1503f3" testName="BestMatchSearchTest4" computerName="BRENT-MACBOOK" duration="00:00:00.0108827" startTime="2012-02-24T23:27:27.7578000-08:00" endTime="2012-02-24T23:27:27.8046000-08:00" testType="13cdc9d9-ddb5-4fa4-a97d-d965ccfc6d4b" outcome="Passed" testListId="8c84fa94-04c1-424b-9868-57a2d4851a1d" relativeResultsDirectory="3502c13e-16c8-4f4d-81ba-f1430b6b1b14">
    </UnitTestResult>
    <UnitTestResult executionId="dcc4deb9-9111-4535-b630-9fb99d36ec84" testId="747dbc93-6c60-b18b-93df-29498506214f" testName="BestMatchSearchTest6" computerName="BRENT-MACBOOK" startTime="2012-02-24T23:27:27.8202000-08:00" endTime="2012-02-24T23:27:35.0118000-08:00" testType="13cdc9d9-ddb5-4fa4-a97d-d965ccfc6d4b" testListId="8c84fa94-04c1-424b-9868-57a2d4851a1d" relativeResultsDirectory="dcc4deb9-9111-4535-b630-9fb99d36ec84">
      <Output>
        <ErrorInfo>
          <Message>The agent process was stopped while the test was running.</Message>
        </ErrorInfo>
      </Output>
    </UnitTestResult>
    <UnitTestResult executionId="f15dabb5-27d7-4ed9-b21f-2c77304060f8" testId="94df0574-f117-57a9-b776-8fbab71d8bb9" testName="BestMatchSearchTest5" computerName="BRENT-MACBOOK" duration="00:00:00.0806563" startTime="2012-02-24T23:27:35.6358000-08:00" endTime="2012-02-24T23:27:35.9634000-08:00" testType="13cdc9d9-ddb5-4fa4-a97d-d965ccfc6d4b" outcome="Passed" testListId="8c84fa94-04c1-424b-9868-57a2d4851a1d" relativeResultsDirectory="f15dabb5-27d7-4ed9-b21f-2c77304060f8">
    </UnitTestResult>
    <UnitTestResult executionId="06d24b5e-b6c8-4ccb-962d-00420aba9f4c" testId="a859911a-ba68-1717-89db-059219200abe" testName="BestMatchSearchTest2" computerName="BRENT-MACBOOK" duration="00:00:00.0012368" startTime="2012-02-24T23:27:35.9634000-08:00" endTime="2012-02-24T23:27:35.9790000-08:00" testType="13cdc9d9-ddb5-4fa4-a97d-d965ccfc6d4b" outcome="Passed" testListId="8c84fa94-04c1-424b-9868-57a2d4851a1d" relativeResultsDirectory="06d24b5e-b6c8-4ccb-962d-00420aba9f4c">
    </UnitTestResult>
    <UnitTestResult executionId="7d0f8ff5-0f67-4c55-93f6-b826fe3f6b6c" testId="a8fefcbb-c984-adfa-5e38-72c16dffbc66" testName="BestMatchSearchTest1" computerName="BRENT-MACBOOK" duration="00:00:00.0018985" startTime="2012-02-24T23:27:35.9790000-08:00" endTime="2012-02-24T23:27:35.9790000-08:00" testType="13cdc9d9-ddb5-4fa4-a97d-d965ccfc6d4b" outcome="Passed" testListId="8c84fa94-04c1-424b-9868-57a2d4851a1d" relativeResultsDirectory="7d0f8ff5-0f67-4c55-93f6-b826fe3f6b6c">
    </UnitTestResult>
    <UnitTestResult executionId="2a9755cb-0a67-4a6e-953b-129dc31c5d88" testId="c15aa66a-ca76-a2e0-e492-c364c0cc0102" testName="AnyTrueTest" computerName="BRENT-MACBOOK" duration="00:00:00.0113362" startTime="2012-02-24T23:27:35.9946000-08:00" endTime="2012-02-24T23:27:35.9946000-08:00" testType="13cdc9d9-ddb5-4fa4-a97d-d965ccfc6d4b" outcome="Passed" testListId="8c84fa94-04c1-424b-9868-57a2d4851a1d" relativeResultsDirectory="2a9755cb-0a67-4a6e-953b-129dc31c5d88">
    </UnitTestResult>
    <UnitTestResult executionId="7be78645-3c01-4a46-a2ee-db3b91fca2ab" testId="de235a2a-544b-2e21-278b-31dd0ccea692" testName="AnyTrueTest1" computerName="BRENT-MACBOOK" duration="00:00:00.0002957" startTime="2012-02-24T23:27:36.0102000-08:00" endTime="2012-02-24T23:27:36.0102000-08:00" testType="13cdc9d9-ddb5-4fa4-a97d-d965ccfc6d4b" outcome="Passed" testListId="8c84fa94-04c1-424b-9868-57a2d4851a1d" relativeResultsDirectory="7be78645-3c01-4a46-a2ee-db3b91fca2ab">
    </UnitTestResult>
  </Results>
</TestRun>