<?xml version="1.0" encoding="UTF-8"?>
<TestRun id="5f64eb8f-ee8b-4bc5-ba1c-98b018ebd437" name="Brent@BRENT-MACBOOK 2012-02-27 08:37:47" runUser="Brent-MacBook\Brent" xmlns="http://microsoft.com/schemas/VisualStudio/TeamTest/2010">
  <TestSettings name="Local" id="ce75b14b-b77f-42a9-9820-d283249f2705">
    <Description>These are default test settings for a local test run.</Description>
    <Deployment runDeploymentRoot="Brent_BRENT-MACBOOK 2012-02-27 08_37_47">
      <DeploymentItem filename="C:\Users\Brent\Documents\Visual Studio 2010\Projects\Alterity\Alterity\bin\Debug\Alterity.dll" />
    </Deployment>
    <Execution>
      <TestTypeSpecific>
        <UnitTestRunConfig testTypeId="13cdc9d9-ddb5-4fa4-a97d-d965ccfc6d4b">
          <AssemblyResolution>
            <TestDirectory useLoadContext="true" />
          </AssemblyResolution>
        </UnitTestRunConfig>
        <WebTestRunConfiguration testTypeId="4e7599fa-5ecb-43e9-a887-cd63cf72d207">
          <Browser name="Internet Explorer 7.0">
            <Headers>
              <Header name="User-Agent" value="Mozilla/4.0 (compatible; MSIE 7.0; Windows NT 5.1)" />
              <Header name="Accept" value="*/*" />
              <Header name="Accept-Language" value="{{$IEAcceptLanguage}}" />
              <Header name="Accept-Encoding" value="GZIP" />
            </Headers>
          </Browser>
        </WebTestRunConfiguration>
      </TestTypeSpecific>
      <AgentRule name="LocalMachineDefaultRole">
        <DataCollectors>
          <DataCollector uri="datacollector://microsoft/CodeCoverage/1.0" assemblyQualifiedName="Microsoft.VisualStudio.TestTools.CodeCoverage.CoveragePlugIn, Microsoft.VisualStudio.QualityTools.Plugins.CodeCoverage, Version=10.0.0.0, Culture=neutral, PublicKeyToken=b03f5f7f11d50a3a" friendlyName="Code Coverage">
            <Configuration>
              <CodeCoverage xmlns="">
                <Regular>
                  <CodeCoverageItem binaryFile="C:\Users\Brent\Documents\Visual Studio 2010\Projects\Alterity\Alterity\bin\Debug\Alterity.dll" pdbFile="C:\Users\Brent\Documents\Visual Studio 2010\Projects\Alterity\Alterity\bin\Debug\Alterity.instr.pdb" instrumentInPlace="true" />
                </Regular>
              </CodeCoverage>
            </Configuration>
          </DataCollector>
        </DataCollectors>
      </AgentRule>
    </Execution>
  </TestSettings>
  <Times creation="2012-02-27T08:37:47.5044000-08:00" queuing="2012-02-27T08:37:48.6744000-08:00" start="2012-02-27T08:37:48.9084000-08:00" finish="2012-02-27T08:37:53.0892000-08:00" />
  <ResultSummary outcome="Completed">
    <Counters total="10" executed="10" passed="10" error="0" failed="0" timeout="0" aborted="0" inconclusive="0" passedButRunAborted="0" notRunnable="0" notExecuted="0" disconnected="0" warning="0" completed="0" inProgress="0" pending="0" />
    <ResultFiles>
      <ResultFile path="BRENT-MACBOOK\data.coverage" />
    </ResultFiles>
  </ResultSummary>
  <TestDefinitions>
    <UnitTest name="BestMatchSearchTest6" storage="c:\users\brent\documents\visual studio 2010\projects\alterity\alteritytest\bin\debug\alteritytest.dll" id="747dbc93-6c60-b18b-93df-29498506214f">
      <DeploymentItems>
        <DeploymentItem filename="Alterity.dll" />
      </DeploymentItems>
      <Execution id="82b11111-b897-473d-9324-9f394ab842d2" />
      <TestMethod codeBase="C:/Users/Brent/Documents/Visual Studio 2010/Projects/Alterity/AlterityTest/bin/Debug/AlterityTest.DLL" adapterTypeName="Microsoft.VisualStudio.TestTools.TestTypes.Unit.UnitTestAdapter, Microsoft.VisualStudio.QualityTools.Tips.UnitTest.Adapter, Version=10.0.0.0, Culture=neutral, PublicKeyToken=b03f5f7f11d50a3a" className="AlterityTest.StringIndexerTest, AlterityTest, Version=1.0.0.0, Culture=neutral, PublicKeyToken=null" name="BestMatchSearchTest6" />
    </UnitTest>
    <UnitTest name="AnyTrueTest2" storage="c:\users\brent\documents\visual studio 2010\projects\alterity\alteritytest\bin\debug\alteritytest.dll" id="02a5662a-686f-47d5-0d53-658e1aac77cb">
      <Execution id="4ee986db-c4ce-4cd7-a299-d195bcee0b8c" />
      <TestMethod codeBase="C:/Users/Brent/Documents/Visual Studio 2010/Projects/Alterity/AlterityTest/bin/Debug/AlterityTest.DLL" adapterTypeName="Microsoft.VisualStudio.TestTools.TestTypes.Unit.UnitTestAdapter, Microsoft.VisualStudio.QualityTools.Tips.UnitTest.Adapter, Version=10.0.0.0, Culture=neutral, PublicKeyToken=b03f5f7f11d50a3a" className="AlterityTest.IndicatorFunctionTest, AlterityTest, Version=1.0.0.0, Culture=neutral, PublicKeyToken=null" name="AnyTrueTest2" />
    </UnitTest>
    <UnitTest name="BestMatchSearchTest5" storage="c:\users\brent\documents\visual studio 2010\projects\alterity\alteritytest\bin\debug\alteritytest.dll" id="94df0574-f117-57a9-b776-8fbab71d8bb9">
      <DeploymentItems>
        <DeploymentItem filename="Alterity.dll" />
      </DeploymentItems>
      <Execution id="6f42d910-1abb-4905-a985-248c5001bb58" />
      <TestMethod codeBase="C:/Users/Brent/Documents/Visual Studio 2010/Projects/Alterity/AlterityTest/bin/Debug/AlterityTest.DLL" adapterTypeName="Microsoft.VisualStudio.TestTools.TestTypes.Unit.UnitTestAdapter, Microsoft.VisualStudio.QualityTools.Tips.UnitTest.Adapter, Version=10.0.0.0, Culture=neutral, PublicKeyToken=b03f5f7f11d50a3a" className="AlterityTest.StringIndexerTest, AlterityTest, Version=1.0.0.0, Culture=neutral, PublicKeyToken=null" name="BestMatchSearchTest5" />
    </UnitTest>
    <UnitTest name="BestMatchSearchTest2" storage="c:\users\brent\documents\visual studio 2010\projects\alterity\alteritytest\bin\debug\alteritytest.dll" id="a859911a-ba68-1717-89db-059219200abe">
      <DeploymentItems>
        <DeploymentItem filename="Alterity.dll" />
      </DeploymentItems>
      <Execution id="ca7413ca-197b-4fc5-b080-5863264ee6d0" />
      <TestMethod codeBase="C:/Users/Brent/Documents/Visual Studio 2010/Projects/Alterity/AlterityTest/bin/Debug/AlterityTest.DLL" adapterTypeName="Microsoft.VisualStudio.TestTools.TestTypes.Unit.UnitTestAdapter, Microsoft.VisualStudio.QualityTools.Tips.UnitTest.Adapter, Version=10.0.0.0, Culture=neutral, PublicKeyToken=b03f5f7f11d50a3a" className="AlterityTest.StringIndexerTest, AlterityTest, Version=1.0.0.0, Culture=neutral, PublicKeyToken=null" name="BestMatchSearchTest2" />
    </UnitTest>
    <UnitTest name="BestMatchSearchTest3" storage="c:\users\brent\documents\visual studio 2010\projects\alterity\alteritytest\bin\debug\alteritytest.dll" id="374b99ef-f35a-c8ab-280c-3986b8b4c00e">
      <DeploymentItems>
        <DeploymentItem filename="Alterity.dll" />
      </DeploymentItems>
      <Execution id="a1c13049-6883-48be-ad70-850fd3f7f1ad" />
      <TestMethod codeBase="C:/Users/Brent/Documents/Visual Studio 2010/Projects/Alterity/AlterityTest/bin/Debug/AlterityTest.DLL" adapterTypeName="Microsoft.VisualStudio.TestTools.TestTypes.Unit.UnitTestAdapter, Microsoft.VisualStudio.QualityTools.Tips.UnitTest.Adapter, Version=10.0.0.0, Culture=neutral, PublicKeyToken=b03f5f7f11d50a3a" className="AlterityTest.StringIndexerTest, AlterityTest, Version=1.0.0.0, Culture=neutral, PublicKeyToken=null" name="BestMatchSearchTest3" />
    </UnitTest>
    <UnitTest name="AnyTrueTest1" storage="c:\users\brent\documents\visual studio 2010\projects\alterity\alteritytest\bin\debug\alteritytest.dll" id="de235a2a-544b-2e21-278b-31dd0ccea692">
      <Execution id="553546d4-9c73-45b4-955c-1c47a58baa01" />
      <TestMethod codeBase="C:/Users/Brent/Documents/Visual Studio 2010/Projects/Alterity/AlterityTest/bin/Debug/AlterityTest.DLL" adapterTypeName="Microsoft.VisualStudio.TestTools.TestTypes.Unit.UnitTestAdapter, Microsoft.VisualStudio.QualityTools.Tips.UnitTest.Adapter, Version=10.0.0.0, Culture=neutral, PublicKeyToken=b03f5f7f11d50a3a" className="AlterityTest.IndicatorFunctionTest, AlterityTest, Version=1.0.0.0, Culture=neutral, PublicKeyToken=null" name="AnyTrueTest1" />
    </UnitTest>
    <UnitTest name="BestMatchSearchTest1" storage="c:\users\brent\documents\visual studio 2010\projects\alterity\alteritytest\bin\debug\alteritytest.dll" id="a8fefcbb-c984-adfa-5e38-72c16dffbc66">
      <DeploymentItems>
        <DeploymentItem filename="Alterity.dll" />
      </DeploymentItems>
      <Execution id="f8491ea3-d96b-4057-953f-d6304c7a3890" />
      <TestMethod codeBase="C:/Users/Brent/Documents/Visual Studio 2010/Projects/Alterity/AlterityTest/bin/Debug/AlterityTest.DLL" adapterTypeName="Microsoft.VisualStudio.TestTools.TestTypes.Unit.UnitTestAdapter, Microsoft.VisualStudio.QualityTools.Tips.UnitTest.Adapter, Version=10.0.0.0, Culture=neutral, PublicKeyToken=b03f5f7f11d50a3a" className="AlterityTest.StringIndexerTest, AlterityTest, Version=1.0.0.0, Culture=neutral, PublicKeyToken=null" name="BestMatchSearchTest1" />
    </UnitTest>
    <UnitTest name="BestMatchSearchTest4" storage="c:\users\brent\documents\visual studio 2010\projects\alterity\alteritytest\bin\debug\alteritytest.dll" id="49e25d9e-e484-2c5a-dacf-95d57a1503f3">
      <DeploymentItems>
        <DeploymentItem filename="Alterity.dll" />
      </DeploymentItems>
      <Execution id="f5bbddea-fe98-460b-8cfd-f671e4d96113" />
      <TestMethod codeBase="C:/Users/Brent/Documents/Visual Studio 2010/Projects/Alterity/AlterityTest/bin/Debug/AlterityTest.DLL" adapterTypeName="Microsoft.VisualStudio.TestTools.TestTypes.Unit.UnitTestAdapter, Microsoft.VisualStudio.QualityTools.Tips.UnitTest.Adapter, Version=10.0.0.0, Culture=neutral, PublicKeyToken=b03f5f7f11d50a3a" className="AlterityTest.StringIndexerTest, AlterityTest, Version=1.0.0.0, Culture=neutral, PublicKeyToken=null" name="BestMatchSearchTest4" />
    </UnitTest>
    <UnitTest name="AnyTrueTest" storage="c:\users\brent\documents\visual studio 2010\projects\alterity\alteritytest\bin\debug\alteritytest.dll" id="c15aa66a-ca76-a2e0-e492-c364c0cc0102">
      <Execution id="aff9f1f4-2424-4a83-980e-d460e4beb094" />
      <TestMethod codeBase="C:/Users/Brent/Documents/Visual Studio 2010/Projects/Alterity/AlterityTest/bin/Debug/AlterityTest.DLL" adapterTypeName="Microsoft.VisualStudio.TestTools.TestTypes.Unit.UnitTestAdapter, Microsoft.VisualStudio.QualityTools.Tips.UnitTest.Adapter, Version=10.0.0.0, Culture=neutral, PublicKeyToken=b03f5f7f11d50a3a" className="AlterityTest.IndicatorFunctionTest, AlterityTest, Version=1.0.0.0, Culture=neutral, PublicKeyToken=null" name="AnyTrueTest" />
    </UnitTest>
    <UnitTest name="ComputeRelationsTest" storage="c:\users\brent\documents\visual studio 2010\projects\alterity\alteritytest\bin\debug\alteritytest.dll" id="3cd3db7d-fb97-bf86-04f1-c2612cbf4232">
      <DeploymentItems>
        <DeploymentItem filename="Alterity.dll" />
      </DeploymentItems>
      <Execution id="73d78380-5ace-4c04-a457-82b1b2b8ab25" />
      <TestMethod codeBase="C:/Users/Brent/Documents/Visual Studio 2010/Projects/Alterity/AlterityTest/bin/Debug/AlterityTest.DLL" adapterTypeName="Microsoft.VisualStudio.TestTools.TestTypes.Unit.UnitTestAdapter, Microsoft.VisualStudio.QualityTools.Tips.UnitTest.Adapter, Version=10.0.0.0, Culture=neutral, PublicKeyToken=b03f5f7f11d50a3a" className="AlterityTest.DiffTest, AlterityTest, Version=1.0.0.0, Culture=neutral, PublicKeyToken=null" name="ComputeRelationsTest" />
    </UnitTest>
  </TestDefinitions>
  <TestLists>
    <TestList name="Results Not in a List" id="8c84fa94-04c1-424b-9868-57a2d4851a1d" />
    <TestList name="All Loaded Results" id="19431567-8539-422a-85d7-44ee4e166bda" />
  </TestLists>
  <TestEntries>
    <TestEntry testId="02a5662a-686f-47d5-0d53-658e1aac77cb" executionId="4ee986db-c4ce-4cd7-a299-d195bcee0b8c" testListId="8c84fa94-04c1-424b-9868-57a2d4851a1d" />
    <TestEntry testId="374b99ef-f35a-c8ab-280c-3986b8b4c00e" executionId="a1c13049-6883-48be-ad70-850fd3f7f1ad" testListId="8c84fa94-04c1-424b-9868-57a2d4851a1d" />
    <TestEntry testId="3cd3db7d-fb97-bf86-04f1-c2612cbf4232" executionId="73d78380-5ace-4c04-a457-82b1b2b8ab25" testListId="8c84fa94-04c1-424b-9868-57a2d4851a1d" />
    <TestEntry testId="49e25d9e-e484-2c5a-dacf-95d57a1503f3" executionId="f5bbddea-fe98-460b-8cfd-f671e4d96113" testListId="8c84fa94-04c1-424b-9868-57a2d4851a1d" />
    <TestEntry testId="747dbc93-6c60-b18b-93df-29498506214f" executionId="82b11111-b897-473d-9324-9f394ab842d2" testListId="8c84fa94-04c1-424b-9868-57a2d4851a1d" />
    <TestEntry testId="94df0574-f117-57a9-b776-8fbab71d8bb9" executionId="6f42d910-1abb-4905-a985-248c5001bb58" testListId="8c84fa94-04c1-424b-9868-57a2d4851a1d" />
    <TestEntry testId="a859911a-ba68-1717-89db-059219200abe" executionId="ca7413ca-197b-4fc5-b080-5863264ee6d0" testListId="8c84fa94-04c1-424b-9868-57a2d4851a1d" />
    <TestEntry testId="a8fefcbb-c984-adfa-5e38-72c16dffbc66" executionId="f8491ea3-d96b-4057-953f-d6304c7a3890" testListId="8c84fa94-04c1-424b-9868-57a2d4851a1d" />
    <TestEntry testId="c15aa66a-ca76-a2e0-e492-c364c0cc0102" executionId="aff9f1f4-2424-4a83-980e-d460e4beb094" testListId="8c84fa94-04c1-424b-9868-57a2d4851a1d" />
    <TestEntry testId="de235a2a-544b-2e21-278b-31dd0ccea692" executionId="553546d4-9c73-45b4-955c-1c47a58baa01" testListId="8c84fa94-04c1-424b-9868-57a2d4851a1d" />
  </TestEntries>
  <Results>
    <UnitTestResult executionId="4ee986db-c4ce-4cd7-a299-d195bcee0b8c" testId="02a5662a-686f-47d5-0d53-658e1aac77cb" testName="AnyTrueTest2" computerName="BRENT-MACBOOK" duration="00:00:00.0446616" startTime="2012-02-27T08:37:50.4528000-08:00" endTime="2012-02-27T08:37:50.7648000-08:00" testType="13cdc9d9-ddb5-4fa4-a97d-d965ccfc6d4b" outcome="Passed" testListId="8c84fa94-04c1-424b-9868-57a2d4851a1d" relativeResultsDirectory="4ee986db-c4ce-4cd7-a299-d195bcee0b8c">
    </UnitTestResult>
    <UnitTestResult executionId="a1c13049-6883-48be-ad70-850fd3f7f1ad" testId="374b99ef-f35a-c8ab-280c-3986b8b4c00e" testName="BestMatchSearchTest3" computerName="BRENT-MACBOOK" duration="00:00:00.0188778" startTime="2012-02-27T08:37:50.7648000-08:00" endTime="2012-02-27T08:37:50.7960000-08:00" testType="13cdc9d9-ddb5-4fa4-a97d-d965ccfc6d4b" outcome="Passed" testListId="8c84fa94-04c1-424b-9868-57a2d4851a1d" relativeResultsDirectory="a1c13049-6883-48be-ad70-850fd3f7f1ad">
    </UnitTestResult>
    <UnitTestResult executionId="73d78380-5ace-4c04-a457-82b1b2b8ab25" testId="3cd3db7d-fb97-bf86-04f1-c2612cbf4232" testName="ComputeRelationsTest" computerName="BRENT-MACBOOK" duration="00:00:00.0237361" startTime="2012-02-27T08:37:50.7960000-08:00" endTime="2012-02-27T08:37:50.8428000-08:00" testType="13cdc9d9-ddb5-4fa4-a97d-d965ccfc6d4b" outcome="Passed" testListId="8c84fa94-04c1-424b-9868-57a2d4851a1d" relativeResultsDirectory="73d78380-5ace-4c04-a457-82b1b2b8ab25">
    </UnitTestResult>
    <UnitTestResult executionId="f5bbddea-fe98-460b-8cfd-f671e4d96113" testId="49e25d9e-e484-2c5a-dacf-95d57a1503f3" testName="BestMatchSearchTest4" computerName="BRENT-MACBOOK" duration="00:00:00.0124149" startTime="2012-02-27T08:37:50.8428000-08:00" endTime="2012-02-27T08:37:50.8740000-08:00" testType="13cdc9d9-ddb5-4fa4-a97d-d965ccfc6d4b" outcome="Passed" testListId="8c84fa94-04c1-424b-9868-57a2d4851a1d" relativeResultsDirectory="f5bbddea-fe98-460b-8cfd-f671e4d96113">
    </UnitTestResult>
    <UnitTestResult executionId="82b11111-b897-473d-9324-9f394ab842d2" testId="747dbc93-6c60-b18b-93df-29498506214f" testName="BestMatchSearchTest6" computerName="BRENT-MACBOOK" duration="00:00:00.0014485" startTime="2012-02-27T08:37:50.8740000-08:00" endTime="2012-02-27T08:37:50.8896000-08:00" testType="13cdc9d9-ddb5-4fa4-a97d-d965ccfc6d4b" outcome="Passed" testListId="8c84fa94-04c1-424b-9868-57a2d4851a1d" relativeResultsDirectory="82b11111-b897-473d-9324-9f394ab842d2">
    </UnitTestResult>
    <UnitTestResult executionId="6f42d910-1abb-4905-a985-248c5001bb58" testId="94df0574-f117-57a9-b776-8fbab71d8bb9" testName="BestMatchSearchTest5" computerName="BRENT-MACBOOK" duration="00:00:00.0011220" startTime="2012-02-27T08:37:50.8896000-08:00" endTime="2012-02-27T08:37:50.8896000-08:00" testType="13cdc9d9-ddb5-4fa4-a97d-d965ccfc6d4b" outcome="Passed" testListId="8c84fa94-04c1-424b-9868-57a2d4851a1d" relativeResultsDirectory="6f42d910-1abb-4905-a985-248c5001bb58">
    </UnitTestResult>
    <UnitTestResult executionId="ca7413ca-197b-4fc5-b080-5863264ee6d0" testId="a859911a-ba68-1717-89db-059219200abe" testName="BestMatchSearchTest2" computerName="BRENT-MACBOOK" duration="00:00:00.0011768" startTime="2012-02-27T08:37:50.9052000-08:00" endTime="2012-02-27T08:37:50.9052000-08:00" testType="13cdc9d9-ddb5-4fa4-a97d-d965ccfc6d4b" outcome="Passed" testListId="8c84fa94-04c1-424b-9868-57a2d4851a1d" relativeResultsDirectory="ca7413ca-197b-4fc5-b080-5863264ee6d0">
    </UnitTestResult>
    <UnitTestResult executionId="f8491ea3-d96b-4057-953f-d6304c7a3890" testId="a8fefcbb-c984-adfa-5e38-72c16dffbc66" testName="BestMatchSearchTest1" computerName="BRENT-MACBOOK" duration="00:00:00.0011417" startTime="2012-02-27T08:37:50.9052000-08:00" endTime="2012-02-27T08:37:50.9208000-08:00" testType="13cdc9d9-ddb5-4fa4-a97d-d965ccfc6d4b" outcome="Passed" testListId="8c84fa94-04c1-424b-9868-57a2d4851a1d" relativeResultsDirectory="f8491ea3-d96b-4057-953f-d6304c7a3890">
    </UnitTestResult>
    <UnitTestResult executionId="aff9f1f4-2424-4a83-980e-d460e4beb094" testId="c15aa66a-ca76-a2e0-e492-c364c0cc0102" testName="AnyTrueTest" computerName="BRENT-MACBOOK" duration="00:00:00.0002841" startTime="2012-02-27T08:37:50.9208000-08:00" endTime="2012-02-27T08:37:50.9208000-08:00" testType="13cdc9d9-ddb5-4fa4-a97d-d965ccfc6d4b" outcome="Passed" testListId="8c84fa94-04c1-424b-9868-57a2d4851a1d" relativeResultsDirectory="aff9f1f4-2424-4a83-980e-d460e4beb094">
    </UnitTestResult>
    <UnitTestResult executionId="553546d4-9c73-45b4-955c-1c47a58baa01" testId="de235a2a-544b-2e21-278b-31dd0ccea692" testName="AnyTrueTest1" computerName="BRENT-MACBOOK" duration="00:00:00.0003604" startTime="2012-02-27T08:37:50.9208000-08:00" endTime="2012-02-27T08:37:50.9364000-08:00" testType="13cdc9d9-ddb5-4fa4-a97d-d965ccfc6d4b" outcome="Passed" testListId="8c84fa94-04c1-424b-9868-57a2d4851a1d" relativeResultsDirectory="553546d4-9c73-45b4-955c-1c47a58baa01">
    </UnitTestResult>
  </Results>
</TestRun>