<?xml version="1.0" encoding="UTF-8"?>
<TestRun id="661d2fb6-3dcf-4b7a-b5cd-261b8b0a6276" name="Brent@BRENT-MACBOOK 2012-02-27 08:32:19" runUser="Brent-MacBook\Brent" xmlns="http://microsoft.com/schemas/VisualStudio/TeamTest/2010">
  <TestSettings name="Local" id="ce75b14b-b77f-42a9-9820-d283249f2705">
    <Description>These are default test settings for a local test run.</Description>
    <Deployment runDeploymentRoot="Brent_BRENT-MACBOOK 2012-02-27 08_32_19">
      <DeploymentItem filename="C:\Users\Brent\Documents\Visual Studio 2010\Projects\Alterity\Alterity\bin\Debug\Alterity.dll" />
    </Deployment>
    <Execution>
      <TestTypeSpecific>
        <UnitTestRunConfig testTypeId="13cdc9d9-ddb5-4fa4-a97d-d965ccfc6d4b">
          <AssemblyResolution>
            <TestDirectory useLoadContext="true" />
          </AssemblyResolution>
        </UnitTestRunConfig>
        <WebTestRunConfiguration testTypeId="4e7599fa-5ecb-43e9-a887-cd63cf72d207">
          <Browser name="Internet Explorer 7.0">
            <Headers>
              <Header name="User-Agent" value="Mozilla/4.0 (compatible; MSIE 7.0; Windows NT 5.1)" />
              <Header name="Accept" value="*/*" />
              <Header name="Accept-Language" value="{{$IEAcceptLanguage}}" />
              <Header name="Accept-Encoding" value="GZIP" />
            </Headers>
          </Browser>
        </WebTestRunConfiguration>
      </TestTypeSpecific>
      <AgentRule name="LocalMachineDefaultRole">
        <DataCollectors>
          <DataCollector uri="datacollector://microsoft/CodeCoverage/1.0" assemblyQualifiedName="Microsoft.VisualStudio.TestTools.CodeCoverage.CoveragePlugIn, Microsoft.VisualStudio.QualityTools.Plugins.CodeCoverage, Version=10.0.0.0, Culture=neutral, PublicKeyToken=b03f5f7f11d50a3a" friendlyName="Code Coverage" enabled="false">
            <Configuration>
              <CodeCoverage xmlns="">
                <Regular>
                  <CodeCoverageItem binaryFile="Alterity\bin\Debug\Alterity.dll" pdbFile="Alterity\bin\Debug\Alterity.pdb" instrumentInPlace="true" />
                </Regular>
              </CodeCoverage>
            </Configuration>
          </DataCollector>
        </DataCollectors>
      </AgentRule>
    </Execution>
  </TestSettings>
  <Times creation="2012-02-27T08:32:19.2218000-08:00" queuing="2012-02-27T08:32:23.3164000-08:00" start="2012-02-27T08:32:23.6908000-08:00" finish="2012-02-27T08:32:57.5262000-08:00" />
  <ResultSummary outcome="Error">
    <Counters total="10" executed="3" passed="2" error="0" failed="0" timeout="0" aborted="1" inconclusive="0" passedButRunAborted="0" notRunnable="0" notExecuted="7" disconnected="0" warning="0" completed="0" inProgress="0" pending="0" />
    <RunInfos>
      <RunInfo computerName="BRENT-MACBOOK" outcome="Error" timestamp="2012-02-27T08:32:57.5262000-08:00">
        <Text>Test host process exited unexpectedly.</Text>
      </RunInfo>
    </RunInfos>
  </ResultSummary>
  <TestDefinitions>
    <UnitTest name="BestMatchSearchTest6" storage="c:\users\brent\documents\visual studio 2010\projects\alterity\alteritytest\bin\debug\alteritytest.dll" id="747dbc93-6c60-b18b-93df-29498506214f">
      <DeploymentItems>
        <DeploymentItem filename="Alterity.dll" />
      </DeploymentItems>
      <Execution id="89a2ed8b-1b18-4e46-9f9e-35cb545b5af6" />
      <TestMethod codeBase="C:/Users/Brent/Documents/Visual Studio 2010/Projects/Alterity/AlterityTest/bin/Debug/AlterityTest.DLL" adapterTypeName="Microsoft.VisualStudio.TestTools.TestTypes.Unit.UnitTestAdapter, Microsoft.VisualStudio.QualityTools.Tips.UnitTest.Adapter, Version=10.0.0.0, Culture=neutral, PublicKeyToken=b03f5f7f11d50a3a" className="AlterityTest.StringIndexerTest, AlterityTest, Version=1.0.0.0, Culture=neutral, PublicKeyToken=null" name="BestMatchSearchTest6" />
    </UnitTest>
    <UnitTest name="AnyTrueTest2" storage="c:\users\brent\documents\visual studio 2010\projects\alterity\alteritytest\bin\debug\alteritytest.dll" id="02a5662a-686f-47d5-0d53-658e1aac77cb">
      <Execution id="5ee4c697-78be-42c6-8468-58c407b46f94" />
      <TestMethod codeBase="C:/Users/Brent/Documents/Visual Studio 2010/Projects/Alterity/AlterityTest/bin/Debug/AlterityTest.DLL" adapterTypeName="Microsoft.VisualStudio.TestTools.TestTypes.Unit.UnitTestAdapter, Microsoft.VisualStudio.QualityTools.Tips.UnitTest.Adapter, Version=10.0.0.0, Culture=neutral, PublicKeyToken=b03f5f7f11d50a3a" className="AlterityTest.IndicatorFunctionTest, AlterityTest, Version=1.0.0.0, Culture=neutral, PublicKeyToken=null" name="AnyTrueTest2" />
    </UnitTest>
    <UnitTest name="BestMatchSearchTest5" storage="c:\users\brent\documents\visual studio 2010\projects\alterity\alteritytest\bin\debug\alteritytest.dll" id="94df0574-f117-57a9-b776-8fbab71d8bb9">
      <DeploymentItems>
        <DeploymentItem filename="Alterity.dll" />
      </DeploymentItems>
      <Execution id="3b1d7890-941e-477b-9f35-ab2372a06055" />
      <TestMethod codeBase="C:/Users/Brent/Documents/Visual Studio 2010/Projects/Alterity/AlterityTest/bin/Debug/AlterityTest.DLL" adapterTypeName="Microsoft.VisualStudio.TestTools.TestTypes.Unit.UnitTestAdapter, Microsoft.VisualStudio.QualityTools.Tips.UnitTest.Adapter, Version=10.0.0.0, Culture=neutral, PublicKeyToken=b03f5f7f11d50a3a" className="AlterityTest.StringIndexerTest, AlterityTest, Version=1.0.0.0, Culture=neutral, PublicKeyToken=null" name="BestMatchSearchTest5" />
    </UnitTest>
    <UnitTest name="BestMatchSearchTest2" storage="c:\users\brent\documents\visual studio 2010\projects\alterity\alteritytest\bin\debug\alteritytest.dll" id="a859911a-ba68-1717-89db-059219200abe">
      <DeploymentItems>
        <DeploymentItem filename="Alterity.dll" />
      </DeploymentItems>
      <Execution id="f6755aab-9c88-4aa3-b657-16c7a68653cb" />
      <TestMethod codeBase="C:/Users/Brent/Documents/Visual Studio 2010/Projects/Alterity/AlterityTest/bin/Debug/AlterityTest.DLL" adapterTypeName="Microsoft.VisualStudio.TestTools.TestTypes.Unit.UnitTestAdapter, Microsoft.VisualStudio.QualityTools.Tips.UnitTest.Adapter, Version=10.0.0.0, Culture=neutral, PublicKeyToken=b03f5f7f11d50a3a" className="AlterityTest.StringIndexerTest, AlterityTest, Version=1.0.0.0, Culture=neutral, PublicKeyToken=null" name="BestMatchSearchTest2" />
    </UnitTest>
    <UnitTest name="BestMatchSearchTest3" storage="c:\users\brent\documents\visual studio 2010\projects\alterity\alteritytest\bin\debug\alteritytest.dll" id="374b99ef-f35a-c8ab-280c-3986b8b4c00e">
      <DeploymentItems>
        <DeploymentItem filename="Alterity.dll" />
      </DeploymentItems>
      <Execution id="185a5407-a676-4f3d-baea-8d150d0244b2" />
      <TestMethod codeBase="C:/Users/Brent/Documents/Visual Studio 2010/Projects/Alterity/AlterityTest/bin/Debug/AlterityTest.DLL" adapterTypeName="Microsoft.VisualStudio.TestTools.TestTypes.Unit.UnitTestAdapter, Microsoft.VisualStudio.QualityTools.Tips.UnitTest.Adapter, Version=10.0.0.0, Culture=neutral, PublicKeyToken=b03f5f7f11d50a3a" className="AlterityTest.StringIndexerTest, AlterityTest, Version=1.0.0.0, Culture=neutral, PublicKeyToken=null" name="BestMatchSearchTest3" />
    </UnitTest>
    <UnitTest name="AnyTrueTest1" storage="c:\users\brent\documents\visual studio 2010\projects\alterity\alteritytest\bin\debug\alteritytest.dll" id="de235a2a-544b-2e21-278b-31dd0ccea692">
      <Execution id="87ef140a-5092-4084-8841-4525a8bf61c1" />
      <TestMethod codeBase="C:/Users/Brent/Documents/Visual Studio 2010/Projects/Alterity/AlterityTest/bin/Debug/AlterityTest.DLL" adapterTypeName="Microsoft.VisualStudio.TestTools.TestTypes.Unit.UnitTestAdapter, Microsoft.VisualStudio.QualityTools.Tips.UnitTest.Adapter, Version=10.0.0.0, Culture=neutral, PublicKeyToken=b03f5f7f11d50a3a" className="AlterityTest.IndicatorFunctionTest, AlterityTest, Version=1.0.0.0, Culture=neutral, PublicKeyToken=null" name="AnyTrueTest1" />
    </UnitTest>
    <UnitTest name="BestMatchSearchTest1" storage="c:\users\brent\documents\visual studio 2010\projects\alterity\alteritytest\bin\debug\alteritytest.dll" id="a8fefcbb-c984-adfa-5e38-72c16dffbc66">
      <DeploymentItems>
        <DeploymentItem filename="Alterity.dll" />
      </DeploymentItems>
      <Execution id="fbae8350-2139-4317-98ce-258f9ed4633f" />
      <TestMethod codeBase="C:/Users/Brent/Documents/Visual Studio 2010/Projects/Alterity/AlterityTest/bin/Debug/AlterityTest.DLL" adapterTypeName="Microsoft.VisualStudio.TestTools.TestTypes.Unit.UnitTestAdapter, Microsoft.VisualStudio.QualityTools.Tips.UnitTest.Adapter, Version=10.0.0.0, Culture=neutral, PublicKeyToken=b03f5f7f11d50a3a" className="AlterityTest.StringIndexerTest, AlterityTest, Version=1.0.0.0, Culture=neutral, PublicKeyToken=null" name="BestMatchSearchTest1" />
    </UnitTest>
    <UnitTest name="BestMatchSearchTest4" storage="c:\users\brent\documents\visual studio 2010\projects\alterity\alteritytest\bin\debug\alteritytest.dll" id="49e25d9e-e484-2c5a-dacf-95d57a1503f3">
      <DeploymentItems>
        <DeploymentItem filename="Alterity.dll" />
      </DeploymentItems>
      <Execution id="6748bf9d-2a6f-40b2-84f9-85a0ea56ebf2" />
      <TestMethod codeBase="C:/Users/Brent/Documents/Visual Studio 2010/Projects/Alterity/AlterityTest/bin/Debug/AlterityTest.DLL" adapterTypeName="Microsoft.VisualStudio.TestTools.TestTypes.Unit.UnitTestAdapter, Microsoft.VisualStudio.QualityTools.Tips.UnitTest.Adapter, Version=10.0.0.0, Culture=neutral, PublicKeyToken=b03f5f7f11d50a3a" className="AlterityTest.StringIndexerTest, AlterityTest, Version=1.0.0.0, Culture=neutral, PublicKeyToken=null" name="BestMatchSearchTest4" />
    </UnitTest>
    <UnitTest name="AnyTrueTest" storage="c:\users\brent\documents\visual studio 2010\projects\alterity\alteritytest\bin\debug\alteritytest.dll" id="c15aa66a-ca76-a2e0-e492-c364c0cc0102">
      <Execution id="c230efb5-643b-43d6-b29c-7ed06dabe8e3" />
      <TestMethod codeBase="C:/Users/Brent/Documents/Visual Studio 2010/Projects/Alterity/AlterityTest/bin/Debug/AlterityTest.DLL" adapterTypeName="Microsoft.VisualStudio.TestTools.TestTypes.Unit.UnitTestAdapter, Microsoft.VisualStudio.QualityTools.Tips.UnitTest.Adapter, Version=10.0.0.0, Culture=neutral, PublicKeyToken=b03f5f7f11d50a3a" className="AlterityTest.IndicatorFunctionTest, AlterityTest, Version=1.0.0.0, Culture=neutral, PublicKeyToken=null" name="AnyTrueTest" />
    </UnitTest>
    <UnitTest name="ComputeRelationsTest" storage="c:\users\brent\documents\visual studio 2010\projects\alterity\alteritytest\bin\debug\alteritytest.dll" id="3cd3db7d-fb97-bf86-04f1-c2612cbf4232">
      <DeploymentItems>
        <DeploymentItem filename="Alterity.dll" />
      </DeploymentItems>
      <Execution id="cc56f35d-1ecf-41a2-bcd8-bf94a42b9f9f" />
      <TestMethod codeBase="C:/Users/Brent/Documents/Visual Studio 2010/Projects/Alterity/AlterityTest/bin/Debug/AlterityTest.DLL" adapterTypeName="Microsoft.VisualStudio.TestTools.TestTypes.Unit.UnitTestAdapter, Microsoft.VisualStudio.QualityTools.Tips.UnitTest.Adapter, Version=10.0.0.0, Culture=neutral, PublicKeyToken=b03f5f7f11d50a3a" className="AlterityTest.DiffTest, AlterityTest, Version=1.0.0.0, Culture=neutral, PublicKeyToken=null" name="ComputeRelationsTest" />
    </UnitTest>
  </TestDefinitions>
  <TestLists>
    <TestList name="Results Not in a List" id="8c84fa94-04c1-424b-9868-57a2d4851a1d" />
    <TestList name="All Loaded Results" id="19431567-8539-422a-85d7-44ee4e166bda" />
  </TestLists>
  <TestEntries>
    <TestEntry testId="02a5662a-686f-47d5-0d53-658e1aac77cb" executionId="5ee4c697-78be-42c6-8468-58c407b46f94" testListId="8c84fa94-04c1-424b-9868-57a2d4851a1d" />
    <TestEntry testId="374b99ef-f35a-c8ab-280c-3986b8b4c00e" executionId="185a5407-a676-4f3d-baea-8d150d0244b2" testListId="8c84fa94-04c1-424b-9868-57a2d4851a1d" />
    <TestEntry testId="3cd3db7d-fb97-bf86-04f1-c2612cbf4232" executionId="cc56f35d-1ecf-41a2-bcd8-bf94a42b9f9f" testListId="8c84fa94-04c1-424b-9868-57a2d4851a1d" />
    <TestEntry testId="49e25d9e-e484-2c5a-dacf-95d57a1503f3" executionId="6748bf9d-2a6f-40b2-84f9-85a0ea56ebf2" testListId="8c84fa94-04c1-424b-9868-57a2d4851a1d" />
    <TestEntry testId="747dbc93-6c60-b18b-93df-29498506214f" executionId="89a2ed8b-1b18-4e46-9f9e-35cb545b5af6" testListId="8c84fa94-04c1-424b-9868-57a2d4851a1d" />
    <TestEntry testId="94df0574-f117-57a9-b776-8fbab71d8bb9" executionId="3b1d7890-941e-477b-9f35-ab2372a06055" testListId="8c84fa94-04c1-424b-9868-57a2d4851a1d" />
    <TestEntry testId="a859911a-ba68-1717-89db-059219200abe" executionId="f6755aab-9c88-4aa3-b657-16c7a68653cb" testListId="8c84fa94-04c1-424b-9868-57a2d4851a1d" />
    <TestEntry testId="a8fefcbb-c984-adfa-5e38-72c16dffbc66" executionId="fbae8350-2139-4317-98ce-258f9ed4633f" testListId="8c84fa94-04c1-424b-9868-57a2d4851a1d" />
    <TestEntry testId="c15aa66a-ca76-a2e0-e492-c364c0cc0102" executionId="c230efb5-643b-43d6-b29c-7ed06dabe8e3" testListId="8c84fa94-04c1-424b-9868-57a2d4851a1d" />
    <TestEntry testId="de235a2a-544b-2e21-278b-31dd0ccea692" executionId="87ef140a-5092-4084-8841-4525a8bf61c1" testListId="8c84fa94-04c1-424b-9868-57a2d4851a1d" />
  </TestEntries>
  <Results>
    <UnitTestResult executionId="5ee4c697-78be-42c6-8468-58c407b46f94" testId="02a5662a-686f-47d5-0d53-658e1aac77cb" testName="AnyTrueTest2" computerName="BRENT-MACBOOK" duration="00:00:00.0451648" startTime="2012-02-27T08:32:23.8936000-08:00" endTime="2012-02-27T08:32:25.9684000-08:00" testType="13cdc9d9-ddb5-4fa4-a97d-d965ccfc6d4b" outcome="Passed" testListId="8c84fa94-04c1-424b-9868-57a2d4851a1d" relativeResultsDirectory="5ee4c697-78be-42c6-8468-58c407b46f94">
    </UnitTestResult>
    <UnitTestResult executionId="185a5407-a676-4f3d-baea-8d150d0244b2" testId="374b99ef-f35a-c8ab-280c-3986b8b4c00e" testName="BestMatchSearchTest3" computerName="BRENT-MACBOOK" duration="00:00:00.0396752" startTime="2012-02-27T08:32:25.9996000-08:00" endTime="2012-02-27T08:32:26.1556000-08:00" testType="13cdc9d9-ddb5-4fa4-a97d-d965ccfc6d4b" outcome="Passed" testListId="8c84fa94-04c1-424b-9868-57a2d4851a1d" relativeResultsDirectory="185a5407-a676-4f3d-baea-8d150d0244b2">
    </UnitTestResult>
    <UnitTestResult executionId="cc56f35d-1ecf-41a2-bcd8-bf94a42b9f9f" testId="3cd3db7d-fb97-bf86-04f1-c2612cbf4232" testName="ComputeRelationsTest" computerName="BRENT-MACBOOK" duration="00:00:31.3550000" startTime="2012-02-27T08:32:26.1712000-08:00" endTime="2012-02-27T08:32:57.5262000-08:00" testType="13cdc9d9-ddb5-4fa4-a97d-d965ccfc6d4b" outcome="Aborted" testListId="8c84fa94-04c1-424b-9868-57a2d4851a1d" relativeResultsDirectory="cc56f35d-1ecf-41a2-bcd8-bf94a42b9f9f">
    </UnitTestResult>
    <UnitTestResult executionId="6748bf9d-2a6f-40b2-84f9-85a0ea56ebf2" testId="49e25d9e-e484-2c5a-dacf-95d57a1503f3" testName="BestMatchSearchTest4" computerName="BRENT-MACBOOK" testType="13cdc9d9-ddb5-4fa4-a97d-d965ccfc6d4b" outcome="NotExecuted" testListId="8c84fa94-04c1-424b-9868-57a2d4851a1d" relativeResultsDirectory="6748bf9d-2a6f-40b2-84f9-85a0ea56ebf2">
    </UnitTestResult>
    <UnitTestResult executionId="89a2ed8b-1b18-4e46-9f9e-35cb545b5af6" testId="747dbc93-6c60-b18b-93df-29498506214f" testName="BestMatchSearchTest6" computerName="BRENT-MACBOOK" testType="13cdc9d9-ddb5-4fa4-a97d-d965ccfc6d4b" outcome="NotExecuted" testListId="8c84fa94-04c1-424b-9868-57a2d4851a1d" relativeResultsDirectory="89a2ed8b-1b18-4e46-9f9e-35cb545b5af6">
    </UnitTestResult>
    <UnitTestResult executionId="3b1d7890-941e-477b-9f35-ab2372a06055" testId="94df0574-f117-57a9-b776-8fbab71d8bb9" testName="BestMatchSearchTest5" computerName="BRENT-MACBOOK" testType="13cdc9d9-ddb5-4fa4-a97d-d965ccfc6d4b" outcome="NotExecuted" testListId="8c84fa94-04c1-424b-9868-57a2d4851a1d" relativeResultsDirectory="3b1d7890-941e-477b-9f35-ab2372a06055">
    </UnitTestResult>
    <UnitTestResult executionId="f6755aab-9c88-4aa3-b657-16c7a68653cb" testId="a859911a-ba68-1717-89db-059219200abe" testName="BestMatchSearchTest2" computerName="BRENT-MACBOOK" testType="13cdc9d9-ddb5-4fa4-a97d-d965ccfc6d4b" outcome="NotExecuted" testListId="8c84fa94-04c1-424b-9868-57a2d4851a1d" relativeResultsDirectory="f6755aab-9c88-4aa3-b657-16c7a68653cb">
    </UnitTestResult>
    <UnitTestResult executionId="fbae8350-2139-4317-98ce-258f9ed4633f" testId="a8fefcbb-c984-adfa-5e38-72c16dffbc66" testName="BestMatchSearchTest1" computerName="BRENT-MACBOOK" testType="13cdc9d9-ddb5-4fa4-a97d-d965ccfc6d4b" outcome="NotExecuted" testListId="8c84fa94-04c1-424b-9868-57a2d4851a1d" relativeResultsDirectory="fbae8350-2139-4317-98ce-258f9ed4633f">
    </UnitTestResult>
    <UnitTestResult executionId="c230efb5-643b-43d6-b29c-7ed06dabe8e3" testId="c15aa66a-ca76-a2e0-e492-c364c0cc0102" testName="AnyTrueTest" computerName="BRENT-MACBOOK" testType="13cdc9d9-ddb5-4fa4-a97d-d965ccfc6d4b" outcome="NotExecuted" testListId="8c84fa94-04c1-424b-9868-57a2d4851a1d" relativeResultsDirectory="c230efb5-643b-43d6-b29c-7ed06dabe8e3">
    </UnitTestResult>
    <UnitTestResult executionId="87ef140a-5092-4084-8841-4525a8bf61c1" testId="de235a2a-544b-2e21-278b-31dd0ccea692" testName="AnyTrueTest1" computerName="BRENT-MACBOOK" testType="13cdc9d9-ddb5-4fa4-a97d-d965ccfc6d4b" outcome="NotExecuted" testListId="8c84fa94-04c1-424b-9868-57a2d4851a1d" relativeResultsDirectory="87ef140a-5092-4084-8841-4525a8bf61c1">
    </UnitTestResult>
  </Results>
</TestRun>